[13/Jun/2014 12:27:32] "GET /admin/ HTTP/1.1" 200 6133
[13/Jun/2014 12:27:33] "GET /admin/ HTTP/1.1" 200 6133
[13/Jun/2014 12:27:39] "GET /meraki_inv/device/ HTTP/1.1" 200 2004
[13/Jun/2014 12:27:39] "GET /static/css/bootstrap.min.css HTTP/1.1" 304 0
[13/Jun/2014 12:27:39] "GET /static/css/bootstrap-theme.min.css HTTP/1.1" 304 0
[13/Jun/2014 12:27:39] "GET /static/js/jquery.js HTTP/1.1" 304 0
[13/Jun/2014 12:27:42] "GET /meraki_inv/device/1/ HTTP/1.1" 200 262
[13/Jun/2014 12:27:54] "GET /admin/ HTTP/1.1" 200 6133
[13/Jun/2014 12:27:59] "GET /meraki_inv/device/ HTTP/1.1" 200 2004
[13/Jun/2014 12:27:59] "GET /static/js/jquery.js HTTP/1.1" 304 0
[13/Jun/2014 12:27:59] "GET /static/css/bootstrap-theme.min.css HTTP/1.1" 304 0
[13/Jun/2014 12:27:59] "GET /static/css/bootstrap.min.css HTTP/1.1" 304 0
[13/Jun/2014 12:28:07] "GET /meraki_inv/device/1/ HTTP/1.1" 200 262
[13/Jun/2014 12:28:15] "GET /meraki_inv/device/2/ HTTP/1.1" 200 313
[13/Jun/2014 12:28:21] "GET /meraki_inv/device/1/ HTTP/1.1" 200 262
[13/Jun/2014 12:28:28] "GET /admin/ HTTP/1.1" 200 6133
[13/Jun/2014 12:28:30] "GET /admin/meraki_inv/device/ HTTP/1.1" 200 5138
[13/Jun/2014 12:28:30] "GET /admin/jsi18n/ HTTP/1.1" 200 2372
[13/Jun/2014 12:28:32] "GET /admin/meraki_inv/status/ HTTP/1.1" 200 4427
[13/Jun/2014 12:28:32] "GET /admin/jsi18n/ HTTP/1.1" 200 2372
[13/Jun/2014 12:28:34] "GET /admin/meraki_inv/status/4/ HTTP/1.1" 200 6176
[13/Jun/2014 12:28:34] "GET /admin/jsi18n/ HTTP/1.1" 200 2372
[13/Jun/2014 12:28:38] "POST /admin/meraki_inv/status/4/ HTTP/1.1" 200 6319
[13/Jun/2014 12:28:38] "GET /admin/jsi18n/ HTTP/1.1" 200 2372
[13/Jun/2014 12:28:50] "GET /meraki_inv/device/ HTTP/1.1" 200 2004
[13/Jun/2014 12:28:50] "GET /static/css/bootstrap-theme.min.css HTTP/1.1" 304 0
[13/Jun/2014 12:28:50] "GET /static/js/jquery.js HTTP/1.1" 304 0
[13/Jun/2014 12:28:50] "GET /static/css/bootstrap.min.css HTTP/1.1" 304 0
[13/Jun/2014 12:29:26] "GET /admin/ HTTP/1.1" 200 6133
[13/Jun/2014 12:29:29] "GET /meraki_inv/device/ HTTP/1.1" 200 2004
[13/Jun/2014 12:29:29] "GET /static/css/bootstrap.min.css HTTP/1.1" 304 0
[13/Jun/2014 12:29:29] "GET /static/js/jquery.js HTTP/1.1" 304 0
[13/Jun/2014 12:29:29] "GET /static/css/bootstrap-theme.min.css HTTP/1.1" 304 0
[13/Jun/2014 13:13:31] "GET /admin/ HTTP/1.1" 200 6133
[13/Jun/2014 13:13:34] "GET /meraki_inv/device/ HTTP/1.1" 200 2004
[13/Jun/2014 13:13:34] "GET /static/css/bootstrap.min.css HTTP/1.1" 304 0
[13/Jun/2014 13:13:34] "GET /static/js/jquery.js HTTP/1.1" 304 0
[13/Jun/2014 13:13:34] "GET /static/css/bootstrap-theme.min.css HTTP/1.1" 304 0
[13/Jun/2014 13:13:43] "GET /admin/ HTTP/1.1" 200 6133
[13/Jun/2014 13:13:47] "GET /admin/meraki_inv/status/ HTTP/1.1" 200 4427
[13/Jun/2014 13:13:47] "GET /admin/jsi18n/ HTTP/1.1" 200 2372
[13/Jun/2014 13:13:49] "GET /admin/meraki_inv/status/4/ HTTP/1.1" 200 6176
[13/Jun/2014 13:13:49] "GET /admin/jsi18n/ HTTP/1.1" 200 2372
[13/Jun/2014 13:13:52] "POST /admin/meraki_inv/status/4/ HTTP/1.1" 302 0
[13/Jun/2014 13:13:52] "GET /admin/meraki_inv/status/ HTTP/1.1" 200 4581
[13/Jun/2014 13:13:52] "GET /admin/jsi18n/ HTTP/1.1" 200 2372
[13/Jun/2014 13:13:57] "GET /meraki_inv/device/ HTTP/1.1" 200 2011
[13/Jun/2014 13:13:57] "GET /static/js/jquery.js HTTP/1.1" 304 0
[13/Jun/2014 13:13:57] "GET /static/css/bootstrap-theme.min.css HTTP/1.1" 304 0
[13/Jun/2014 13:13:57] "GET /static/css/bootstrap.min.css HTTP/1.1" 304 0
[13/Jun/2014 13:17:07] "GET /meraki_inv/device/ HTTP/1.1" 200 2004
[13/Jun/2014 13:17:07] "GET /static/css/bootstrap.min.css HTTP/1.1" 304 0
[13/Jun/2014 13:17:07] "GET /static/css/bootstrap-theme.min.css HTTP/1.1" 304 0
[13/Jun/2014 13:17:07] "GET /static/js/jquery.js HTTP/1.1" 304 0
[13/Jun/2014 13:17:10] "GET /admin/meraki_inv/status/ HTTP/1.1" 200 4427
[13/Jun/2014 13:17:15] "GET /admin/meraki_inv/status/4/ HTTP/1.1" 200 6176
[13/Jun/2014 13:17:15] "GET /admin/jsi18n/ HTTP/1.1" 200 2372
[13/Jun/2014 13:17:17] "POST /admin/meraki_inv/status/4/ HTTP/1.1" 302 0
[13/Jun/2014 13:17:17] "GET /admin/meraki_inv/status/ HTTP/1.1" 200 4581
[13/Jun/2014 13:17:17] "GET /admin/jsi18n/ HTTP/1.1" 200 2372
[13/Jun/2014 13:17:19] "GET /admin/meraki_inv/status/4/ HTTP/1.1" 200 6212
[13/Jun/2014 13:17:19] "GET /admin/meraki_inv/status/ HTTP/1.1" 200 4427
[13/Jun/2014 13:17:22] "GET /meraki_inv/device/ HTTP/1.1" 200 2011
[13/Jun/2014 13:17:22] "GET /static/js/jquery.js HTTP/1.1" 304 0
[13/Jun/2014 13:17:22] "GET /static/css/bootstrap.min.css HTTP/1.1" 304 0
[13/Jun/2014 13:17:22] "GET /static/css/bootstrap-theme.min.css HTTP/1.1" 304 0
[13/Jun/2014 13:18:06] "GET /meraki_inv/device/ HTTP/1.1" 200 2011
[13/Jun/2014 13:18:06] "GET /static/css/bootstrap-theme.min.css HTTP/1.1" 304 0
[13/Jun/2014 13:18:06] "GET /static/js/jquery.js HTTP/1.1" 304 0
[13/Jun/2014 13:18:06] "GET /static/css/bootstrap.min.css HTTP/1.1" 304 0
[13/Jun/2014 13:18:08] "GET /meraki_inv/device/ HTTP/1.1" 200 2011
[13/Jun/2014 13:18:08] "GET /static/css/bootstrap-theme.min.css HTTP/1.1" 304 0
[13/Jun/2014 13:18:08] "GET /static/css/bootstrap.min.css HTTP/1.1" 304 0
[13/Jun/2014 13:18:08] "GET /static/js/jquery.js HTTP/1.1" 304 0
[13/Jun/2014 13:18:10] "GET /meraki_inv/device/ HTTP/1.1" 200 2011
[13/Jun/2014 13:18:10] "GET /static/css/bootstrap.min.css HTTP/1.1" 304 0
[13/Jun/2014 13:18:10] "GET /static/css/bootstrap-theme.min.css HTTP/1.1" 304 0
[13/Jun/2014 13:18:10] "GET /static/js/jquery.js HTTP/1.1" 304 0
[13/Jun/2014 13:18:47] "GET /meraki_inv/device/ HTTP/1.1" 200 2011
[13/Jun/2014 13:18:47] "GET /static/js/jquery.js HTTP/1.1" 304 0
[13/Jun/2014 13:18:47] "GET /static/css/bootstrap-theme.min.css HTTP/1.1" 304 0
[13/Jun/2014 13:18:47] "GET /static/css/bootstrap.min.css HTTP/1.1" 304 0
[13/Jun/2014 13:18:53] "GET /meraki_inv/device/ HTTP/1.1" 200 2004
[13/Jun/2014 13:18:53] "GET /static/js/jquery.js HTTP/1.1" 304 0
[13/Jun/2014 13:18:53] "GET /static/css/bootstrap.min.css HTTP/1.1" 304 0
[13/Jun/2014 13:18:53] "GET /static/css/bootstrap-theme.min.css HTTP/1.1" 304 0
[13/Jun/2014 13:19:12] "GET /admin/ HTTP/1.1" 200 6717
[13/Jun/2014 13:19:14] "GET /admin/meraki_inv/status/ HTTP/1.1" 200 4427
[13/Jun/2014 13:19:14] "GET /admin/jsi18n/ HTTP/1.1" 200 2372
[13/Jun/2014 13:19:15] "GET /admin/meraki_inv/status/4/ HTTP/1.1" 200 6176
[13/Jun/2014 13:19:15] "GET /admin/jsi18n/ HTTP/1.1" 200 2372
[13/Jun/2014 13:19:18] "POST /admin/meraki_inv/status/4/ HTTP/1.1" 200 6319
[13/Jun/2014 13:19:18] "GET /admin/jsi18n/ HTTP/1.1" 200 2372
[13/Jun/2014 13:19:21] "POST /admin/meraki_inv/status/4/ HTTP/1.1" 302 0
[13/Jun/2014 13:19:21] "GET /admin/meraki_inv/status/ HTTP/1.1" 200 4581
[13/Jun/2014 13:19:22] "GET /admin/jsi18n/ HTTP/1.1" 200 2372
[13/Jun/2014 13:19:26] "GET /meraki_inv/device/ HTTP/1.1" 200 2011
[13/Jun/2014 13:19:26] "GET /static/css/bootstrap.min.css HTTP/1.1" 304 0
[13/Jun/2014 13:19:26] "GET /static/css/bootstrap-theme.min.css HTTP/1.1" 304 0
[13/Jun/2014 13:19:26] "GET /static/js/jquery.js HTTP/1.1" 304 0
[13/Jun/2014 13:19:32] "GET /meraki_inv/device/ HTTP/1.1" 200 2004
[13/Jun/2014 13:19:32] "GET /static/css/bootstrap.min.css HTTP/1.1" 304 0
[13/Jun/2014 13:19:32] "GET /static/css/bootstrap-theme.min.css HTTP/1.1" 304 0
[13/Jun/2014 13:19:32] "GET /static/js/jquery.js HTTP/1.1" 304 0
[13/Jun/2014 13:21:01] "GET /admin/ HTTP/1.1" 200 6720
[13/Jun/2014 13:21:04] "GET /admin/meraki_inv/status/ HTTP/1.1" 200 4427
[13/Jun/2014 13:21:04] "GET /admin/jsi18n/ HTTP/1.1" 200 2372
[13/Jun/2014 13:21:05] "GET /admin/meraki_inv/status/4/ HTTP/1.1" 200 6176
[13/Jun/2014 13:21:05] "GET /admin/jsi18n/ HTTP/1.1" 200 2372
[13/Jun/2014 13:21:31] "GET /meraki_inv/device/ HTTP/1.1" 200 2004
[13/Jun/2014 13:21:31] "GET /static/js/jquery.js HTTP/1.1" 304 0
[13/Jun/2014 13:21:31] "GET /static/css/bootstrap-theme.min.css HTTP/1.1" 304 0
[13/Jun/2014 13:21:31] "GET /static/css/bootstrap.min.css HTTP/1.1" 304 0
[13/Jun/2014 19:30:40] "GET /admin/ HTTP/1.1" 200 6720
[13/Jun/2014 19:30:43] "GET /meraki_inv/device/ HTTP/1.1" 200 2004
[13/Jun/2014 19:30:44] "GET /static/js/jquery.js HTTP/1.1" 304 0
[13/Jun/2014 19:30:44] "GET /static/css/bootstrap.min.css HTTP/1.1" 304 0
[13/Jun/2014 19:30:44] "GET /static/css/bootstrap-theme.min.css HTTP/1.1" 304 0
[13/Jun/2014 19:42:48] "GET /meraki_inv/device/ HTTP/1.1" 200 2004
[13/Jun/2014 19:42:48] "GET /static/css/bootstrap-theme.min.css HTTP/1.1" 304 0
[13/Jun/2014 19:42:48] "GET /static/css/bootstrap.min.css HTTP/1.1" 304 0
[13/Jun/2014 19:42:48] "GET /static/js/jquery.js HTTP/1.1" 304 0
[13/Jun/2014 19:42:50] "GET /meraki_inv/device/ HTTP/1.1" 200 2004
[13/Jun/2014 19:42:50] "GET /static/css/bootstrap.min.css HTTP/1.1" 304 0
[13/Jun/2014 19:42:50] "GET /static/css/bootstrap-theme.min.css HTTP/1.1" 304 0
[13/Jun/2014 19:42:50] "GET /static/js/jquery.js HTTP/1.1" 304 0
[13/Jun/2014 19:42:58] "GET /meraki_inv/device/ HTTP/1.1" 200 2004
[13/Jun/2014 19:42:58] "GET /static/css/bootstrap-theme.min.css HTTP/1.1" 304 0
[13/Jun/2014 19:42:58] "GET /static/css/bootstrap.min.css HTTP/1.1" 304 0
[13/Jun/2014 19:42:58] "GET /static/js/jquery.js HTTP/1.1" 304 0
[13/Jun/2014 19:43:29] "GET /meraki_inv/device/ HTTP/1.1" 200 2004
[13/Jun/2014 19:43:29] "GET /static/css/bootstrap-theme.min.css HTTP/1.1" 304 0
[13/Jun/2014 19:43:29] "GET /static/css/bootstrap.min.css HTTP/1.1" 304 0
[13/Jun/2014 19:43:29] "GET /static/js/jquery.js HTTP/1.1" 304 0
[13/Jun/2014 19:43:29] "GET /meraki_inv/device/ HTTP/1.1" 200 2004
[13/Jun/2014 19:43:30] "GET /static/css/bootstrap.min.css HTTP/1.1" 304 0
[13/Jun/2014 19:43:30] "GET /static/js/jquery.js HTTP/1.1" 304 0
[13/Jun/2014 19:43:30] "GET /static/css/bootstrap-theme.min.css HTTP/1.1" 304 0
[13/Jun/2014 19:43:30] "GET /meraki_inv/device/ HTTP/1.1" 200 2004
[13/Jun/2014 19:43:30] "GET /static/js/jquery.js HTTP/1.1" 304 0
[13/Jun/2014 19:43:30] "GET /static/css/bootstrap.min.css HTTP/1.1" 304 0
[13/Jun/2014 19:43:30] "GET /static/css/bootstrap-theme.min.css HTTP/1.1" 304 0
[13/Jun/2014 19:43:30] "GET /meraki_inv/device/ HTTP/1.1" 200 2004
[13/Jun/2014 19:43:30] "GET /static/css/bootstrap.min.css HTTP/1.1" 304 0
[13/Jun/2014 19:43:30] "GET /static/css/bootstrap-theme.min.css HTTP/1.1" 304 0
[13/Jun/2014 19:43:30] "GET /static/js/jquery.js HTTP/1.1" 304 0
[13/Jun/2014 19:45:19] "GET /meraki_inv/device/1/ HTTP/1.1" 200 1380
[13/Jun/2014 19:45:19] "GET /static/css/bootstrap.min.css HTTP/1.1" 304 0
[13/Jun/2014 19:45:19] "GET /static/css/bootstrap-theme.min.css HTTP/1.1" 304 0
[13/Jun/2014 19:45:19] "GET /static/js/jquery.js HTTP/1.1" 304 0
[13/Jun/2014 19:48:37] "GET /meraki_inv/device/1/ HTTP/1.1" 200 1716
[13/Jun/2014 19:48:37] "GET /static/css/bootstrap-theme.min.css HTTP/1.1" 304 0
[13/Jun/2014 19:48:37] "GET /static/js/jquery.js HTTP/1.1" 304 0
[13/Jun/2014 19:48:37] "GET /static/css/bootstrap.min.css HTTP/1.1" 304 0
[13/Jun/2014 19:49:51] "GET /meraki_inv/device/1/ HTTP/1.1" 200 1717
[13/Jun/2014 19:49:51] "GET /static/css/bootstrap.min.css HTTP/1.1" 304 0
[13/Jun/2014 19:49:51] "GET /static/js/jquery.js HTTP/1.1" 304 0
[13/Jun/2014 19:49:51] "GET /static/css/bootstrap-theme.min.css HTTP/1.1" 304 0
[13/Jun/2014 19:49:57] "GET /meraki_inv/device/1/ HTTP/1.1" 200 1717
[13/Jun/2014 19:49:57] "GET /static/css/bootstrap.min.css HTTP/1.1" 304 0
[13/Jun/2014 19:49:57] "GET /static/css/bootstrap-theme.min.css HTTP/1.1" 304 0
[13/Jun/2014 19:49:57] "GET /static/js/jquery.js HTTP/1.1" 304 0
[13/Jun/2014 19:50:02] "GET /meraki_inv/device/1/ HTTP/1.1" 200 1717
[13/Jun/2014 19:50:02] "GET /static/css/bootstrap.min.css HTTP/1.1" 304 0
[13/Jun/2014 19:50:02] "GET /static/css/bootstrap-theme.min.css HTTP/1.1" 304 0
[13/Jun/2014 19:50:02] "GET /static/js/jquery.js HTTP/1.1" 304 0
[13/Jun/2014 19:52:24] "GET /meraki_inv/device/1/ HTTP/1.1" 200 1742
[13/Jun/2014 19:52:24] "GET /static/css/bootstrap.min.css HTTP/1.1" 304 0
[13/Jun/2014 19:52:24] "GET /static/css/bootstrap-theme.min.css HTTP/1.1" 304 0
[13/Jun/2014 19:52:24] "GET /static/js/jquery.js HTTP/1.1" 304 0
[13/Jun/2014 19:53:08] "GET /meraki_inv/device/1/ HTTP/1.1" 200 1760
[13/Jun/2014 19:53:08] "GET /static/css/bootstrap.min.css HTTP/1.1" 304 0
[13/Jun/2014 19:53:08] "GET /static/css/bootstrap-theme.min.css HTTP/1.1" 304 0
[13/Jun/2014 19:53:08] "GET /static/js/jquery.js HTTP/1.1" 304 0
[13/Jun/2014 19:54:57] "GET /meraki_inv/device/1/ HTTP/1.1" 200 1942
[13/Jun/2014 19:54:57] "GET /static/css/bootstrap.min.css HTTP/1.1" 304 0
[13/Jun/2014 19:54:57] "GET /static/css/bootstrap-theme.min.css HTTP/1.1" 304 0
[13/Jun/2014 19:54:57] "GET /static/js/jquery.js HTTP/1.1" 304 0
[13/Jun/2014 19:55:15] "GET /meraki_inv/device/1/ HTTP/1.1" 200 1942
[13/Jun/2014 19:55:15] "GET /static/css/bootstrap.min.css HTTP/1.1" 304 0
[13/Jun/2014 19:55:15] "GET /static/js/jquery.js HTTP/1.1" 304 0
[13/Jun/2014 19:55:15] "GET /static/css/bootstrap-theme.min.css HTTP/1.1" 304 0
[13/Jun/2014 19:56:42] "GET /meraki_inv/device/1/ HTTP/1.1" 200 1933
[13/Jun/2014 19:56:42] "GET /static/css/bootstrap.min.css HTTP/1.1" 304 0
[13/Jun/2014 19:56:42] "GET /static/js/jquery.js HTTP/1.1" 304 0
[13/Jun/2014 19:56:42] "GET /static/css/bootstrap-theme.min.css HTTP/1.1" 304 0
[13/Jun/2014 19:57:48] "GET /meraki_inv/device/1/ HTTP/1.1" 200 1898
[13/Jun/2014 19:57:49] "GET /static/css/bootstrap.min.css HTTP/1.1" 304 0
[13/Jun/2014 19:57:49] "GET /static/css/bootstrap-theme.min.css HTTP/1.1" 304 0
[13/Jun/2014 19:57:49] "GET /static/js/jquery.js HTTP/1.1" 304 0
[13/Jun/2014 19:58:04] "GET /meraki_inv/device/1/ HTTP/1.1" 200 1898
[13/Jun/2014 19:58:04] "GET /static/css/bootstrap-theme.min.css HTTP/1.1" 304 0
[13/Jun/2014 19:58:04] "GET /static/css/bootstrap.min.css HTTP/1.1" 304 0
[13/Jun/2014 19:58:04] "GET /static/js/jquery.js HTTP/1.1" 304 0
[13/Jun/2014 19:58:35] "GET /meraki_inv/device/1/ HTTP/1.1" 200 1896
[13/Jun/2014 19:58:35] "GET /static/css/bootstrap.min.css HTTP/1.1" 304 0
[13/Jun/2014 19:58:35] "GET /static/css/bootstrap-theme.min.css HTTP/1.1" 304 0
[13/Jun/2014 19:58:35] "GET /static/js/jquery.js HTTP/1.1" 304 0
[13/Jun/2014 19:58:46] "GET /meraki_inv/device/1/ HTTP/1.1" 200 1901
[13/Jun/2014 19:58:46] "GET /static/css/bootstrap.min.css HTTP/1.1" 304 0
[13/Jun/2014 19:58:46] "GET /static/css/bootstrap-theme.min.css HTTP/1.1" 304 0
[13/Jun/2014 19:58:46] "GET /static/js/jquery.js HTTP/1.1" 304 0
[13/Jun/2014 20:00:05] "GET /meraki_inv/device/1/ HTTP/1.1" 200 1946
[13/Jun/2014 20:00:05] "GET /static/css/bootstrap.min.css HTTP/1.1" 304 0
[13/Jun/2014 20:00:05] "GET /static/css/bootstrap-theme.min.css HTTP/1.1" 304 0
[13/Jun/2014 20:00:05] "GET /static/js/jquery.js HTTP/1.1" 304 0
[13/Jun/2014 20:02:26] "GET /meraki_inv/device/1/ HTTP/1.1" 200 2002
[13/Jun/2014 20:02:26] "GET /static/css/bootstrap.min.css HTTP/1.1" 304 0
[13/Jun/2014 20:02:26] "GET /static/css/bootstrap-theme.min.css HTTP/1.1" 304 0
[13/Jun/2014 20:02:26] "GET /static/js/jquery.js HTTP/1.1" 304 0
[13/Jun/2014 20:02:28] "GET /meraki_inv/device/1/ HTTP/1.1" 200 2002
[13/Jun/2014 20:02:28] "GET /static/css/bootstrap.min.css HTTP/1.1" 304 0
[13/Jun/2014 20:02:28] "GET /static/css/bootstrap-theme.min.css HTTP/1.1" 304 0
[13/Jun/2014 20:02:28] "GET /static/js/jquery.js HTTP/1.1" 304 0
[13/Jun/2014 20:03:31] "GET /meraki_inv/device/1/ HTTP/1.1" 200 2016
[13/Jun/2014 20:03:32] "GET /static/css/bootstrap.min.css HTTP/1.1" 304 0
[13/Jun/2014 20:03:32] "GET /static/css/bootstrap-theme.min.css HTTP/1.1" 304 0
[13/Jun/2014 20:03:32] "GET /static/js/jquery.js HTTP/1.1" 304 0
[13/Jun/2014 20:10:36] "GET /meraki_inv/device/1/ HTTP/1.1" 200 3640
[13/Jun/2014 20:10:36] "GET /static/css/bootstrap.min.css HTTP/1.1" 304 0
[13/Jun/2014 20:10:36] "GET /static/css/bootstrap-theme.min.css HTTP/1.1" 304 0
[13/Jun/2014 20:10:36] "GET /static/js/jquery.js HTTP/1.1" 304 0
[13/Jun/2014 20:11:24] "GET /meraki_inv/device/1/ HTTP/1.1" 200 3665
[13/Jun/2014 20:11:24] "GET /static/css/bootstrap.min.css HTTP/1.1" 304 0
[13/Jun/2014 20:11:24] "GET /static/js/jquery.js HTTP/1.1" 304 0
[13/Jun/2014 20:11:24] "GET /static/css/bootstrap-theme.min.css HTTP/1.1" 304 0
[13/Jun/2014 20:11:53] "GET /meraki_inv/device/1/ HTTP/1.1" 200 3694
[13/Jun/2014 20:11:53] "GET /static/css/bootstrap.min.css HTTP/1.1" 304 0
[13/Jun/2014 20:11:53] "GET /static/css/bootstrap-theme.min.css HTTP/1.1" 304 0
[13/Jun/2014 20:11:53] "GET /static/js/jquery.js HTTP/1.1" 304 0
[13/Jun/2014 20:17:50] "GET /meraki_inv/device/1/ HTTP/1.1" 200 3344
[13/Jun/2014 20:17:50] "GET /static/css/bootstrap.min.css HTTP/1.1" 304 0
[13/Jun/2014 20:17:50] "GET /static/css/bootstrap-theme.min.css HTTP/1.1" 304 0
[13/Jun/2014 20:17:50] "GET /static/js/jquery.js HTTP/1.1" 304 0
[13/Jun/2014 20:17:54] "GET /meraki_inv/device/1/ HTTP/1.1" 200 3344
[13/Jun/2014 20:17:54] "GET /static/css/bootstrap.min.css HTTP/1.1" 304 0
[13/Jun/2014 20:17:54] "GET /static/css/bootstrap-theme.min.css HTTP/1.1" 304 0
[13/Jun/2014 20:17:54] "GET /static/js/jquery.js HTTP/1.1" 304 0
[13/Jun/2014 20:19:03] "GET /meraki_inv/device/1/ HTTP/1.1" 200 3452
[13/Jun/2014 20:19:03] "GET /static/css/bootstrap.min.css HTTP/1.1" 304 0
[13/Jun/2014 20:19:03] "GET /static/js/jquery.js HTTP/1.1" 304 0
[13/Jun/2014 20:19:03] "GET /static/css/bootstrap-theme.min.css HTTP/1.1" 304 0
[13/Jun/2014 20:19:36] "GET /meraki_inv/device/1/ HTTP/1.1" 200 3518
[13/Jun/2014 20:19:36] "GET /static/css/bootstrap.min.css HTTP/1.1" 304 0
[13/Jun/2014 20:19:36] "GET /static/css/bootstrap-theme.min.css HTTP/1.1" 304 0
[13/Jun/2014 20:19:37] "GET /static/js/jquery.js HTTP/1.1" 304 0
[13/Jun/2014 20:20:54] "GET /meraki_inv/device/1/ HTTP/1.1" 200 3476
[13/Jun/2014 20:20:54] "GET /static/css/bootstrap-theme.min.css HTTP/1.1" 304 0
[13/Jun/2014 20:20:54] "GET /static/css/bootstrap.min.css HTTP/1.1" 304 0
[13/Jun/2014 20:20:54] "GET /static/js/jquery.js HTTP/1.1" 304 0
[13/Jun/2014 20:23:41] "GET /meraki_inv/device/1/ HTTP/1.1" 200 3507
[13/Jun/2014 20:23:41] "GET /static/css/bootstrap.min.css HTTP/1.1" 304 0
[13/Jun/2014 20:23:41] "GET /static/js/jquery.js HTTP/1.1" 304 0
[13/Jun/2014 20:23:41] "GET /static/css/bootstrap-theme.min.css HTTP/1.1" 304 0
[13/Jun/2014 20:32:22] "GET /meraki_inv/device/1/ HTTP/1.1" 200 3328
[13/Jun/2014 20:32:22] "GET /static/css/bootstrap.min.css HTTP/1.1" 304 0
[13/Jun/2014 20:32:22] "GET /static/js/jquery.js HTTP/1.1" 304 0
[13/Jun/2014 20:32:22] "GET /static/css/bootstrap-theme.min.css HTTP/1.1" 304 0
[13/Jun/2014 20:32:42] "GET /meraki_inv/device/1/ HTTP/1.1" 200 3328
[13/Jun/2014 20:32:42] "GET /static/css/bootstrap.min.css HTTP/1.1" 304 0
[13/Jun/2014 20:32:42] "GET /static/js/jquery.js HTTP/1.1" 304 0
[13/Jun/2014 20:32:42] "GET /static/css/bootstrap-theme.min.css HTTP/1.1" 304 0
[13/Jun/2014 20:33:07] "GET /meraki_inv/device/1/ HTTP/1.1" 200 3221
[13/Jun/2014 20:33:07] "GET /static/css/bootstrap.min.css HTTP/1.1" 304 0
[13/Jun/2014 20:33:07] "GET /static/css/bootstrap-theme.min.css HTTP/1.1" 304 0
[13/Jun/2014 20:33:07] "GET /static/js/jquery.js HTTP/1.1" 304 0
[13/Jun/2014 20:34:06] "GET /meraki_inv/device/1/ HTTP/1.1" 200 3202
[13/Jun/2014 20:34:06] "GET /static/css/bootstrap.min.css HTTP/1.1" 304 0
[13/Jun/2014 20:34:06] "GET /static/css/bootstrap-theme.min.css HTTP/1.1" 304 0
[13/Jun/2014 20:34:06] "GET /static/js/jquery.js HTTP/1.1" 304 0
[13/Jun/2014 20:35:08] "GET /meraki_inv/device/1/ HTTP/1.1" 200 3225
[13/Jun/2014 20:35:08] "GET /static/css/bootstrap.min.css HTTP/1.1" 304 0
[13/Jun/2014 20:35:08] "GET /static/css/bootstrap-theme.min.css HTTP/1.1" 304 0
[13/Jun/2014 20:35:08] "GET /static/js/jquery.js HTTP/1.1" 304 0
[13/Jun/2014 20:36:51] "GET /meraki_inv/device/1/ HTTP/1.1" 200 3138
[13/Jun/2014 20:36:51] "GET /static/css/bootstrap.min.css HTTP/1.1" 304 0
[13/Jun/2014 20:36:51] "GET /static/js/jquery.js HTTP/1.1" 304 0
[13/Jun/2014 20:36:51] "GET /static/css/bootstrap-theme.min.css HTTP/1.1" 304 0
[13/Jun/2014 20:37:26] "GET /meraki_inv/device/1/ HTTP/1.1" 200 3138
[13/Jun/2014 20:37:26] "GET /static/css/bootstrap.min.css HTTP/1.1" 304 0
[13/Jun/2014 20:37:26] "GET /static/css/bootstrap-theme.min.css HTTP/1.1" 304 0
[13/Jun/2014 20:37:26] "GET /static/js/jquery.js HTTP/1.1" 304 0
[13/Jun/2014 20:43:20] "GET /meraki_inv/device/1/ HTTP/1.1" 200 2808
[13/Jun/2014 20:43:20] "GET /static/css/bootstrap.min.css HTTP/1.1" 304 0
[13/Jun/2014 20:43:20] "GET /static/js/jquery.js HTTP/1.1" 304 0
[13/Jun/2014 20:43:20] "GET /static/css/bootstrap-theme.min.css HTTP/1.1" 304 0
[13/Jun/2014 20:44:30] "GET /meraki_inv/device/1/ HTTP/1.1" 200 2808
[13/Jun/2014 20:44:30] "GET /static/css/bootstrap-theme.min.css HTTP/1.1" 304 0
[13/Jun/2014 20:44:30] "GET /static/css/bootstrap.min.css HTTP/1.1" 304 0
[13/Jun/2014 20:44:30] "GET /static/js/jquery.js HTTP/1.1" 304 0
[13/Jun/2014 20:45:05] "GET /meraki_inv/device/1/ HTTP/1.1" 200 2808
[13/Jun/2014 20:45:05] "GET /static/css/bootstrap.min.css HTTP/1.1" 304 0
[13/Jun/2014 20:45:05] "GET /static/css/bootstrap-theme.min.css HTTP/1.1" 304 0
[13/Jun/2014 20:45:05] "GET /static/js/jquery.js HTTP/1.1" 304 0
[13/Jun/2014 20:45:15] "GET /meraki_inv/device/1/ HTTP/1.1" 200 2808
[13/Jun/2014 20:45:15] "GET /static/css/bootstrap.min.css HTTP/1.1" 304 0
[13/Jun/2014 20:45:15] "GET /static/css/bootstrap-theme.min.css HTTP/1.1" 304 0
[13/Jun/2014 20:45:15] "GET /static/js/jquery.js HTTP/1.1" 304 0
[13/Jun/2014 20:45:43] "GET /meraki_inv/device/1/ HTTP/1.1" 200 2808
[13/Jun/2014 20:45:43] "GET /static/css/bootstrap.min.css HTTP/1.1" 304 0
[13/Jun/2014 20:45:43] "GET /static/css/bootstrap-theme.min.css HTTP/1.1" 304 0
[13/Jun/2014 20:45:43] "GET /static/js/jquery.js HTTP/1.1" 304 0
[13/Jun/2014 20:46:03] "GET /meraki_inv/device/1/ HTTP/1.1" 200 2814
[13/Jun/2014 20:46:03] "GET /static/css/bootstrap.min.css HTTP/1.1" 304 0
[13/Jun/2014 20:46:03] "GET /static/css/bootstrap-theme.min.css HTTP/1.1" 304 0
[13/Jun/2014 20:46:03] "GET /static/js/jquery.js HTTP/1.1" 304 0
[13/Jun/2014 20:48:02] "GET /meraki_inv/device/1/ HTTP/1.1" 200 2820
[13/Jun/2014 20:48:02] "GET /static/css/bootstrap.min.css HTTP/1.1" 304 0
[13/Jun/2014 20:48:02] "GET /static/css/bootstrap-theme.min.css HTTP/1.1" 304 0
[13/Jun/2014 20:48:02] "GET /static/js/jquery.js HTTP/1.1" 304 0
[13/Jun/2014 20:48:08] "GET /meraki_inv/device/1/ HTTP/1.1" 200 2819
[13/Jun/2014 20:48:08] "GET /static/css/bootstrap.min.css HTTP/1.1" 304 0
[13/Jun/2014 20:48:08] "GET /static/css/bootstrap-theme.min.css HTTP/1.1" 304 0
[13/Jun/2014 20:48:08] "GET /static/js/jquery.js HTTP/1.1" 304 0
[13/Jun/2014 20:48:48] "GET /meraki_inv/device/1/ HTTP/1.1" 200 2896
[13/Jun/2014 20:48:48] "GET /static/css/bootstrap.min.css HTTP/1.1" 304 0
[13/Jun/2014 20:48:48] "GET /static/css/bootstrap-theme.min.css HTTP/1.1" 304 0
[13/Jun/2014 20:48:48] "GET /static/js/jquery.js HTTP/1.1" 304 0
[13/Jun/2014 20:49:35] "GET /meraki_inv/device/1/ HTTP/1.1" 200 2976
[13/Jun/2014 20:49:35] "GET /static/css/bootstrap.min.css HTTP/1.1" 304 0
[13/Jun/2014 20:49:35] "GET /static/css/bootstrap-theme.min.css HTTP/1.1" 304 0
[13/Jun/2014 20:49:35] "GET /static/js/jquery.js HTTP/1.1" 304 0
[13/Jun/2014 20:49:37] "GET /meraki_inv/device/1/ HTTP/1.1" 200 2976
[13/Jun/2014 20:49:37] "GET /static/css/bootstrap.min.css HTTP/1.1" 304 0
[13/Jun/2014 20:49:37] "GET /static/css/bootstrap-theme.min.css HTTP/1.1" 304 0
[13/Jun/2014 20:49:37] "GET /static/js/jquery.js HTTP/1.1" 304 0
[13/Jun/2014 20:49:51] "GET /meraki_inv/device/1/ HTTP/1.1" 200 2976
[13/Jun/2014 20:49:51] "GET /static/css/bootstrap.min.css HTTP/1.1" 304 0
[13/Jun/2014 20:49:51] "GET /static/css/bootstrap-theme.min.css HTTP/1.1" 304 0
[13/Jun/2014 20:49:51] "GET /static/js/jquery.js HTTP/1.1" 304 0
[13/Jun/2014 20:49:52] "GET /meraki_inv/device/1/ HTTP/1.1" 200 2976
[13/Jun/2014 20:49:52] "GET /static/css/bootstrap.min.css HTTP/1.1" 304 0
[13/Jun/2014 20:49:52] "GET /static/css/bootstrap-theme.min.css HTTP/1.1" 304 0
[13/Jun/2014 20:49:52] "GET /static/js/jquery.js HTTP/1.1" 304 0
[13/Jun/2014 20:49:52] "GET /meraki_inv/device/1/ HTTP/1.1" 200 2976
[13/Jun/2014 20:49:52] "GET /static/css/bootstrap.min.css HTTP/1.1" 304 0
[13/Jun/2014 20:49:52] "GET /static/css/bootstrap-theme.min.css HTTP/1.1" 304 0
[13/Jun/2014 20:49:52] "GET /static/js/jquery.js HTTP/1.1" 304 0
[13/Jun/2014 20:49:52] "GET /meraki_inv/device/1/ HTTP/1.1" 200 2976
[13/Jun/2014 20:49:52] "GET /static/css/bootstrap.min.css HTTP/1.1" 304 0
[13/Jun/2014 20:49:52] "GET /static/css/bootstrap-theme.min.css HTTP/1.1" 304 0
[13/Jun/2014 20:49:52] "GET /static/js/jquery.js HTTP/1.1" 304 0
[13/Jun/2014 20:50:05] "GET /meraki_inv/device/1/ HTTP/1.1" 200 2977
[13/Jun/2014 20:50:05] "GET /static/css/bootstrap.min.css HTTP/1.1" 304 0
[13/Jun/2014 20:50:05] "GET /static/js/jquery.js HTTP/1.1" 304 0
[13/Jun/2014 20:50:05] "GET /static/css/bootstrap-theme.min.css HTTP/1.1" 304 0
[13/Jun/2014 20:50:38] "GET /meraki_inv/device/1/ HTTP/1.1" 200 2976
[13/Jun/2014 20:50:38] "GET /static/css/bootstrap.min.css HTTP/1.1" 304 0
[13/Jun/2014 20:50:38] "GET /static/css/bootstrap-theme.min.css HTTP/1.1" 304 0
[13/Jun/2014 20:50:38] "GET /static/js/jquery.js HTTP/1.1" 304 0
[13/Jun/2014 20:51:29] "GET /meraki_inv/device/1/ HTTP/1.1" 200 2976
[13/Jun/2014 20:51:29] "GET /static/css/bootstrap.min.css HTTP/1.1" 304 0
[13/Jun/2014 20:51:29] "GET /static/css/bootstrap-theme.min.css HTTP/1.1" 304 0
[13/Jun/2014 20:51:29] "GET /static/js/jquery.js HTTP/1.1" 304 0
[13/Jun/2014 20:51:53] "GET /meraki_inv/device/1/ HTTP/1.1" 200 3068
[13/Jun/2014 20:51:53] "GET /static/css/bootstrap.min.css HTTP/1.1" 304 0
[13/Jun/2014 20:51:53] "GET /static/js/jquery.js HTTP/1.1" 304 0
[13/Jun/2014 20:51:53] "GET /static/css/bootstrap-theme.min.css HTTP/1.1" 304 0
[13/Jun/2014 20:52:32] "GET /meraki_inv/device/1/ HTTP/1.1" 200 3068
[13/Jun/2014 20:52:32] "GET /static/css/bootstrap.min.css HTTP/1.1" 304 0
[13/Jun/2014 20:52:32] "GET /static/css/bootstrap-theme.min.css HTTP/1.1" 304 0
[13/Jun/2014 20:52:32] "GET /static/js/jquery.js HTTP/1.1" 304 0
[13/Jun/2014 20:53:42] "GET /meraki_inv/device/1/ HTTP/1.1" 200 3160
[13/Jun/2014 20:53:42] "GET /static/css/bootstrap-theme.min.css HTTP/1.1" 304 0
[13/Jun/2014 20:53:42] "GET /static/css/bootstrap.min.css HTTP/1.1" 304 0
[13/Jun/2014 20:53:42] "GET /static/js/jquery.js HTTP/1.1" 304 0
[13/Jun/2014 20:53:56] "GET /meraki_inv/device/1/ HTTP/1.1" 200 3252
[13/Jun/2014 20:53:56] "GET /static/css/bootstrap-theme.min.css HTTP/1.1" 304 0
[13/Jun/2014 20:53:56] "GET /static/css/bootstrap.min.css HTTP/1.1" 304 0
[13/Jun/2014 20:53:56] "GET /static/js/jquery.js HTTP/1.1" 304 0
[13/Jun/2014 20:54:33] "GET /meraki_inv/device/1/ HTTP/1.1" 200 3345
[13/Jun/2014 20:54:33] "GET /static/js/jquery.js HTTP/1.1" 304 0
[13/Jun/2014 20:54:33] "GET /static/css/bootstrap.min.css HTTP/1.1" 304 0
[13/Jun/2014 20:54:33] "GET /static/css/bootstrap-theme.min.css HTTP/1.1" 304 0
[13/Jun/2014 20:56:14] "GET /meraki_inv/device/1/ HTTP/1.1" 200 3377
[13/Jun/2014 20:56:14] "GET /static/css/bootstrap.min.css HTTP/1.1" 304 0
[13/Jun/2014 20:56:14] "GET /static/css/bootstrap-theme.min.css HTTP/1.1" 304 0
[13/Jun/2014 20:56:14] "GET /static/js/jquery.js HTTP/1.1" 304 0
[13/Jun/2014 20:56:25] "GET /meraki_inv/device/1/ HTTP/1.1" 200 3377
[13/Jun/2014 20:56:25] "GET /static/css/bootstrap.min.css HTTP/1.1" 304 0
[13/Jun/2014 20:56:25] "GET /static/css/bootstrap-theme.min.css HTTP/1.1" 304 0
[13/Jun/2014 20:56:25] "GET /static/js/jquery.js HTTP/1.1" 304 0
[13/Jun/2014 20:56:27] "GET /meraki_inv/device/1/ HTTP/1.1" 200 3377
[13/Jun/2014 20:56:27] "GET /static/css/bootstrap.min.css HTTP/1.1" 304 0
[13/Jun/2014 20:56:27] "GET /static/css/bootstrap-theme.min.css HTTP/1.1" 304 0
[13/Jun/2014 20:56:27] "GET /static/js/jquery.js HTTP/1.1" 304 0
[13/Jun/2014 20:56:30] "GET /meraki_inv/device/1/ HTTP/1.1" 200 3377
[13/Jun/2014 20:56:30] "GET /static/css/bootstrap-theme.min.css HTTP/1.1" 304 0
[13/Jun/2014 20:56:30] "GET /static/js/jquery.js HTTP/1.1" 304 0
[13/Jun/2014 20:56:30] "GET /static/css/bootstrap.min.css HTTP/1.1" 304 0
[13/Jun/2014 20:57:31] "GET /meraki_inv/device/1/ HTTP/1.1" 200 3376
[13/Jun/2014 20:57:31] "GET /static/css/bootstrap-theme.min.css HTTP/1.1" 304 0
[13/Jun/2014 20:57:31] "GET /static/js/jquery.js HTTP/1.1" 304 0
[13/Jun/2014 20:57:31] "GET /static/css/bootstrap.min.css HTTP/1.1" 304 0
[13/Jun/2014 20:57:43] "GET /meraki_inv/device/1/ HTTP/1.1" 200 3380
[13/Jun/2014 20:57:43] "GET /static/css/bootstrap.min.css HTTP/1.1" 304 0
[13/Jun/2014 20:57:43] "GET /static/css/bootstrap-theme.min.css HTTP/1.1" 304 0
[13/Jun/2014 20:57:43] "GET /static/js/jquery.js HTTP/1.1" 304 0
[13/Jun/2014 20:58:00] "GET /meraki_inv/device/1/ HTTP/1.1" 200 3361
[13/Jun/2014 20:58:00] "GET /static/css/bootstrap.min.css HTTP/1.1" 304 0
[13/Jun/2014 20:58:00] "GET /static/css/bootstrap-theme.min.css HTTP/1.1" 304 0
[13/Jun/2014 20:58:00] "GET /static/js/jquery.js HTTP/1.1" 304 0
[13/Jun/2014 20:58:12] "GET /meraki_inv/device/1/ HTTP/1.1" 200 3348
[13/Jun/2014 20:58:12] "GET /static/css/bootstrap-theme.min.css HTTP/1.1" 304 0
[13/Jun/2014 20:58:12] "GET /static/js/jquery.js HTTP/1.1" 304 0
[13/Jun/2014 20:58:12] "GET /static/css/bootstrap.min.css HTTP/1.1" 304 0
[13/Jun/2014 20:58:17] "GET /meraki_inv/device/ HTTP/1.1" 200 2004
[13/Jun/2014 20:58:17] "GET /static/css/bootstrap.min.css HTTP/1.1" 304 0
[13/Jun/2014 20:58:17] "GET /static/css/bootstrap-theme.min.css HTTP/1.1" 304 0
[13/Jun/2014 20:58:17] "GET /static/js/jquery.js HTTP/1.1" 304 0
[13/Jun/2014 20:58:18] "GET /meraki_inv/device/2/ HTTP/1.1" 200 3399
[13/Jun/2014 20:58:18] "GET /static/css/bootstrap.min.css HTTP/1.1" 304 0
[13/Jun/2014 20:58:18] "GET /static/js/jquery.js HTTP/1.1" 304 0
[13/Jun/2014 20:58:18] "GET /static/css/bootstrap-theme.min.css HTTP/1.1" 304 0
[13/Jun/2014 20:59:10] "GET /meraki_inv/device/2/ HTTP/1.1" 500 186909
[13/Jun/2014 20:59:39] "GET /meraki_inv/device/2/ HTTP/1.1" 500 190553
[13/Jun/2014 20:59:47] "GET /meraki_inv/device/2/ HTTP/1.1" 500 166662
[13/Jun/2014 20:59:52] "GET /meraki_inv/device/2/ HTTP/1.1" 500 165995
[13/Jun/2014 20:59:54] "GET /meraki_inv/device/ HTTP/1.1" 500 168629
[13/Jun/2014 21:00:46] "GET /meraki_inv/device/ HTTP/1.1" 200 2020
[13/Jun/2014 21:00:47] "GET /static/css/bootstrap.min.css HTTP/1.1" 304 0
[13/Jun/2014 21:00:47] "GET /static/js/jquery.js HTTP/1.1" 304 0
[13/Jun/2014 21:00:47] "GET /static/css/bootstrap-theme.min.css HTTP/1.1" 304 0
[13/Jun/2014 21:00:48] "GET /meraki_inv/device/1/ HTTP/1.1" 200 3364
[13/Jun/2014 21:00:48] "GET /static/css/bootstrap.min.css HTTP/1.1" 304 0
[13/Jun/2014 21:00:48] "GET /static/css/bootstrap-theme.min.css HTTP/1.1" 304 0
[13/Jun/2014 21:00:48] "GET /static/js/jquery.js HTTP/1.1" 304 0
[13/Jun/2014 21:00:49] "GET /meraki_inv/device/ HTTP/1.1" 200 2020
[13/Jun/2014 21:00:49] "GET /static/css/bootstrap.min.css HTTP/1.1" 304 0
[13/Jun/2014 21:00:49] "GET /static/css/bootstrap-theme.min.css HTTP/1.1" 304 0
[13/Jun/2014 21:00:49] "GET /static/js/jquery.js HTTP/1.1" 304 0
[13/Jun/2014 21:00:51] "GET /meraki_inv/device/1/ HTTP/1.1" 200 3364
[13/Jun/2014 21:00:51] "GET /static/css/bootstrap.min.css HTTP/1.1" 304 0
[13/Jun/2014 21:00:51] "GET /static/css/bootstrap-theme.min.css HTTP/1.1" 304 0
[13/Jun/2014 21:00:51] "GET /static/js/jquery.js HTTP/1.1" 304 0
[13/Jun/2014 21:00:53] "GET /meraki_inv/device/ HTTP/1.1" 200 2020
[13/Jun/2014 21:00:53] "GET /static/css/bootstrap.min.css HTTP/1.1" 304 0
[13/Jun/2014 21:00:53] "GET /static/css/bootstrap-theme.min.css HTTP/1.1" 304 0
[13/Jun/2014 21:00:53] "GET /static/js/jquery.js HTTP/1.1" 304 0
[13/Jun/2014 21:00:54] "GET /meraki_inv/device/2/ HTTP/1.1" 200 3415
[13/Jun/2014 21:00:54] "GET /static/css/bootstrap.min.css HTTP/1.1" 304 0
[13/Jun/2014 21:00:54] "GET /static/css/bootstrap-theme.min.css HTTP/1.1" 304 0
[13/Jun/2014 21:00:54] "GET /static/js/jquery.js HTTP/1.1" 304 0
[13/Jun/2014 21:00:55] "GET /meraki_inv/device/ HTTP/1.1" 200 2020
[13/Jun/2014 21:00:55] "GET /static/css/bootstrap.min.css HTTP/1.1" 304 0
[13/Jun/2014 21:00:55] "GET /static/css/bootstrap-theme.min.css HTTP/1.1" 304 0
[13/Jun/2014 21:00:55] "GET /static/js/jquery.js HTTP/1.1" 304 0
[13/Jun/2014 21:01:00] "GET /meraki_inv/device/2/ HTTP/1.1" 200 3415
[13/Jun/2014 21:01:00] "GET /static/css/bootstrap.min.css HTTP/1.1" 304 0
[13/Jun/2014 21:01:00] "GET /static/css/bootstrap-theme.min.css HTTP/1.1" 304 0
[13/Jun/2014 21:01:00] "GET /static/js/jquery.js HTTP/1.1" 304 0
[13/Jun/2014 21:04:15] "GET /meraki_inv/device/2/ HTTP/1.1" 200 3416
[13/Jun/2014 21:04:15] "GET /static/js/jquery.js HTTP/1.1" 304 0
[13/Jun/2014 21:04:15] "GET /static/css/bootstrap-theme.min.css HTTP/1.1" 304 0
[13/Jun/2014 21:04:15] "GET /static/css/bootstrap.min.css HTTP/1.1" 304 0
[13/Jun/2014 21:04:16] "GET /meraki_inv/device/2/ HTTP/1.1" 200 3416
[13/Jun/2014 21:04:16] "GET /static/css/bootstrap-theme.min.css HTTP/1.1" 304 0
[13/Jun/2014 21:04:16] "GET /static/css/bootstrap.min.css HTTP/1.1" 304 0
[13/Jun/2014 21:04:16] "GET /static/js/jquery.js HTTP/1.1" 304 0
[13/Jun/2014 21:05:31] "GET /meraki_inv/device/2/ HTTP/1.1" 200 3416
[13/Jun/2014 21:05:31] "GET /static/css/bootstrap-theme.min.css HTTP/1.1" 304 0
[13/Jun/2014 21:05:31] "GET /static/css/bootstrap.min.css HTTP/1.1" 304 0
[13/Jun/2014 21:05:31] "GET /static/js/jquery.js HTTP/1.1" 304 0
[13/Jun/2014 21:05:33] "GET /meraki_inv/device/2/ HTTP/1.1" 200 3416
[13/Jun/2014 21:05:33] "GET /static/css/bootstrap-theme.min.css HTTP/1.1" 304 0
[13/Jun/2014 21:05:33] "GET /static/js/jquery.js HTTP/1.1" 304 0
[13/Jun/2014 21:05:33] "GET /static/css/bootstrap.min.css HTTP/1.1" 304 0
[13/Jun/2014 21:05:54] "GET /meraki_inv/device/2/ HTTP/1.1" 200 3416
[13/Jun/2014 21:05:54] "GET /static/css/bootstrap.min.css HTTP/1.1" 304 0
[13/Jun/2014 21:05:54] "GET /static/js/jquery.js HTTP/1.1" 304 0
[13/Jun/2014 21:05:54] "GET /static/css/bootstrap-theme.min.css HTTP/1.1" 304 0
[13/Jun/2014 21:15:12] "GET /meraki_inv/device/2/ HTTP/1.1" 200 3416
[13/Jun/2014 21:15:12] "GET /static/css/bootstrap.min.css HTTP/1.1" 304 0
[13/Jun/2014 21:15:12] "GET /static/css/bootstrap-theme.min.css HTTP/1.1" 304 0
[13/Jun/2014 21:15:12] "GET /static/js/jquery.js HTTP/1.1" 304 0
Validating models...

0 errors found
June 13, 2014 - 12:27:15
Django version 1.6.5, using settings 'projects.settings'
Starting development server at http://0.0.0.0:8000/
Quit the server with CONTROL-C.
[22/Jul/2014 04:53:23] "GET /meraki_inv/device/2/ HTTP/1.1" 500 92313
[22/Jul/2014 04:53:52] "GET /admin/ HTTP/1.1" 500 91723
[22/Jul/2014 04:54:51] "GET /admin/ HTTP/1.1" 500 93738
Validating models...

0 errors found
July 22, 2014 - 04:53:03
Django version 1.6.5, using settings 'projects.settings'
Starting development server at http://0.0.0.0:8000/
Quit the server with CONTROL-C.
Traceback (most recent call last):
  File "/usr/bin/django-admin.py", line 5, in <module>
    management.execute_from_command_line()
  File "/usr/lib/python2.6/site-packages/django/core/management/__init__.py", line 399, in execute_from_command_line
    utility.execute()
  File "/usr/lib/python2.6/site-packages/django/core/management/__init__.py", line 392, in execute
    self.fetch_command(subcommand).run_from_argv(self.argv)
  File "/usr/lib/python2.6/site-packages/django/core/management/base.py", line 242, in run_from_argv
    self.execute(*args, **options.__dict__)
  File "/usr/lib/python2.6/site-packages/django/core/management/base.py", line 280, in execute
    translation.activate('en-us')
  File "/usr/lib/python2.6/site-packages/django/utils/translation/__init__.py", line 130, in activate
    return _trans.activate(language)
  File "/usr/lib/python2.6/site-packages/django/utils/translation/trans_real.py", line 188, in activate
    _active.value = translation(language)
  File "/usr/lib/python2.6/site-packages/django/utils/translation/trans_real.py", line 177, in translation
    default_translation = _fetch(settings.LANGUAGE_CODE)
  File "/usr/lib/python2.6/site-packages/django/utils/translation/trans_real.py", line 159, in _fetch
    app = import_module(appname)
  File "/usr/lib/python2.6/site-packages/django/utils/importlib.py", line 40, in import_module
    __import__(name)
ImportError: No module named meraki_inv
Error: That port is already in use.
[22/Jul/2014 05:30:23] "GET /meraki_inv/device/1/ HTTP/1.1" 500 92099
[31/Jul/2014 17:54:00] "GET /meraki_inv/device/ HTTP/1.1" 200 11444
[31/Jul/2014 17:54:00] "GET /static/js/jquery.js HTTP/1.1" 304 0
[31/Jul/2014 17:54:00] "GET /static/css/bootstrap.min.css HTTP/1.1" 304 0
[31/Jul/2014 17:54:00] "GET /static/js/bootstrap.min.js HTTP/1.1" 304 0
[31/Jul/2014 17:54:09] "GET /meraki_inv/device/93/ HTTP/1.1" 200 4044
[31/Jul/2014 17:54:11] "POST /meraki_inv/device/93/edit/ HTTP/1.1" 200 4823
Validating models...

0 errors found
July 31, 2014 - 17:53:55
Django version 1.6.5, using settings 'projects.settings'
Starting development server at http://0.0.0.0:8000/
Quit the server with CONTROL-C.
[31/Jul/2014 17:55:08] "POST /meraki_inv/device/93/edit/ HTTP/1.1" 500 108035
[31/Jul/2014 17:55:24] "POST /meraki_inv/device/93/edit/ HTTP/1.1" 200 4823
[31/Jul/2014 17:55:24] "GET /static/css/bootstrap.min.css HTTP/1.1" 304 0
[31/Jul/2014 17:55:24] "GET /static/js/bootstrap.min.js HTTP/1.1" 304 0
[31/Jul/2014 17:55:24] "GET /static/js/jquery.js HTTP/1.1" 304 0
Validating models...

0 errors found
July 31, 2014 - 17:55:08
Django version 1.6.5, using settings 'projects.settings'
Starting development server at http://0.0.0.0:8000/
Quit the server with CONTROL-C.
[31/Jul/2014 17:56:15] "POST /meraki_inv/device/93/edit/ HTTP/1.1" 200 4823
[31/Jul/2014 17:56:15] "GET /static/css/bootstrap.min.css HTTP/1.1" 304 0
[31/Jul/2014 17:56:15] "GET /static/js/bootstrap.min.js HTTP/1.1" 304 0
[31/Jul/2014 17:56:15] "GET /static/js/jquery.js HTTP/1.1" 304 0
[31/Jul/2014 17:56:20] "POST /meraki_inv/device/93/edit/ HTTP/1.1" 200 4834
Validating models...

0 errors found
July 31, 2014 - 17:56:13
Django version 1.6.5, using settings 'projects.settings'
Starting development server at http://0.0.0.0:8000/
Quit the server with CONTROL-C.
[31/Jul/2014 17:57:02] "POST /meraki_inv/device/93/edit/ HTTP/1.1" 200 4228
[31/Jul/2014 17:57:02] "GET /static/css/bootstrap.min.css HTTP/1.1" 304 0
[31/Jul/2014 17:57:02] "GET /static/js/jquery.js HTTP/1.1" 304 0
[31/Jul/2014 17:57:02] "GET /static/js/bootstrap.min.js HTTP/1.1" 304 0
[31/Jul/2014 17:57:25] "POST /meraki_inv/device/93/edit/ HTTP/1.1" 200 4989
[31/Jul/2014 17:57:25] "GET /static/css/bootstrap.min.css HTTP/1.1" 304 0
[31/Jul/2014 17:57:25] "GET /static/js/bootstrap.min.js HTTP/1.1" 304 0
[31/Jul/2014 17:57:25] "GET /static/js/jquery.js HTTP/1.1" 304 0
[31/Jul/2014 17:57:32] "POST /meraki_inv/device/93/edit/ HTTP/1.1" 200 4976
[31/Jul/2014 17:57:42] "POST /meraki_inv/device/93/edit/ HTTP/1.1" 200 4976
[31/Jul/2014 17:57:42] "GET /static/css/bootstrap.min.css HTTP/1.1" 304 0
[31/Jul/2014 17:57:42] "GET /static/js/jquery.js HTTP/1.1" 304 0
[31/Jul/2014 17:57:42] "GET /static/js/bootstrap.min.js HTTP/1.1" 304 0
[31/Jul/2014 17:57:48] "POST /meraki_inv/device/93/edit/ HTTP/1.1" 200 5012
[31/Jul/2014 17:57:48] "GET /static/css/bootstrap.min.css HTTP/1.1" 304 0
[31/Jul/2014 17:57:48] "GET /static/js/jquery.js HTTP/1.1" 304 0
[31/Jul/2014 17:57:48] "GET /static/js/bootstrap.min.js HTTP/1.1" 304 0
[31/Jul/2014 17:58:00] "POST /meraki_inv/device/93/edit/ HTTP/1.1" 200 5012
[31/Jul/2014 17:58:00] "GET /static/css/bootstrap.min.css HTTP/1.1" 304 0
[31/Jul/2014 17:58:00] "GET /static/js/jquery.js HTTP/1.1" 304 0
[31/Jul/2014 17:58:00] "GET /static/js/bootstrap.min.js HTTP/1.1" 304 0
[31/Jul/2014 17:58:05] "POST /meraki_inv/device/93/edit/ HTTP/1.1" 200 5025
[31/Jul/2014 17:58:11] "GET /meraki_inv/device/ HTTP/1.1" 200 11444
[31/Jul/2014 17:58:31] "GET /meraki_inv/device/93/ HTTP/1.1" 200 4044
[31/Jul/2014 17:58:33] "POST /meraki_inv/device/93/edit/ HTTP/1.1" 200 4823
Validating models...

0 errors found
July 31, 2014 - 17:56:28
Django version 1.6.5, using settings 'projects.settings'
Starting development server at http://0.0.0.0:8000/
Quit the server with CONTROL-C.
[31/Jul/2014 18:01:39] "POST /meraki_inv/device/93/edit/ HTTP/1.1" 500 95091
[31/Jul/2014 18:01:49] "POST /meraki_inv/device/93/edit/ HTTP/1.1" 500 95091
[31/Jul/2014 18:01:56] "POST /meraki_inv/device/93/edit/ HTTP/1.1" 200 4823
[31/Jul/2014 18:01:56] "GET /static/js/jquery.js HTTP/1.1" 304 0
[31/Jul/2014 18:01:56] "GET /static/css/bootstrap.min.css HTTP/1.1" 304 0
[31/Jul/2014 18:01:57] "GET /static/js/bootstrap.min.js HTTP/1.1" 304 0
[31/Jul/2014 18:01:59] "GET /meraki_inv/device/ HTTP/1.1" 200 11444
[31/Jul/2014 18:02:00] "GET /meraki_inv/device/92/ HTTP/1.1" 200 4044
[31/Jul/2014 18:02:01] "POST /meraki_inv/device/92/edit/ HTTP/1.1" 200 4823
Validating models...

0 errors found
July 31, 2014 - 18:01:34
Django version 1.6.5, using settings 'projects.settings'
Starting development server at http://0.0.0.0:8000/
Quit the server with CONTROL-C.
[31/Jul/2014 18:02:33] "POST /meraki_inv/device/92/edit/ HTTP/1.1" 200 4823
[31/Jul/2014 18:02:33] "GET /static/css/bootstrap.min.css HTTP/1.1" 304 0
[31/Jul/2014 18:02:33] "GET /static/js/jquery.js HTTP/1.1" 304 0
[31/Jul/2014 18:02:33] "GET /static/js/bootstrap.min.js HTTP/1.1" 304 0
Validating models...

0 errors found
July 31, 2014 - 18:02:31
Django version 1.6.5, using settings 'projects.settings'
Starting development server at http://0.0.0.0:8000/
Quit the server with CONTROL-C.
[31/Jul/2014 18:03:47] "POST /meraki_inv/device/92/edit/ HTTP/1.1" 200 4823
[31/Jul/2014 18:03:47] "GET /static/css/bootstrap.min.css HTTP/1.1" 304 0
[31/Jul/2014 18:03:47] "GET /static/js/jquery.js HTTP/1.1" 304 0
[31/Jul/2014 18:03:47] "GET /static/js/bootstrap.min.js HTTP/1.1" 304 0
[31/Jul/2014 18:03:51] "POST /meraki_inv/device/92/edit/ HTTP/1.1" 200 4836
[31/Jul/2014 18:03:52] "POST /meraki_inv/device/92/edit/ HTTP/1.1" 200 4836
Validating models...

0 errors found
July 31, 2014 - 18:03:45
Django version 1.6.5, using settings 'projects.settings'
Starting development server at http://0.0.0.0:8000/
Quit the server with CONTROL-C.
[31/Jul/2014 18:06:06] "POST /meraki_inv/device/92/edit/ HTTP/1.1" 200 4836
[31/Jul/2014 18:06:07] "GET /meraki_inv/device/ HTTP/1.1" 200 11444
Validating models...

0 errors found
July 31, 2014 - 18:06:03
Django version 1.6.5, using settings 'projects.settings'
Starting development server at http://0.0.0.0:8000/
Quit the server with CONTROL-C.
[31/Jul/2014 18:08:24] "GET /meraki_inv/device/ HTTP/1.1" 200 11444
[31/Jul/2014 18:08:24] "GET /static/css/bootstrap.min.css HTTP/1.1" 304 0
[31/Jul/2014 18:08:24] "GET /static/js/jquery.js HTTP/1.1" 304 0
[31/Jul/2014 18:08:24] "GET /static/js/bootstrap.min.js HTTP/1.1" 304 0
[31/Jul/2014 18:08:26] "GET /meraki_inv/device/ HTTP/1.1" 200 11444
Validating models...

0 errors found
July 31, 2014 - 18:08:24
Django version 1.6.5, using settings 'projects.settings'
Starting development server at http://0.0.0.0:8000/
Quit the server with CONTROL-C.
[31/Jul/2014 18:08:40] "GET /meraki_inv/device/ HTTP/1.1" 200 11444
[31/Jul/2014 18:08:40] "GET /static/js/jquery.js HTTP/1.1" 304 0
[31/Jul/2014 18:08:40] "GET /static/js/bootstrap.min.js HTTP/1.1" 304 0
[31/Jul/2014 18:08:40] "GET /static/css/bootstrap.min.css HTTP/1.1" 304 0
[31/Jul/2014 18:08:42] "GET /meraki_inv/device/93/ HTTP/1.1" 200 4044
Validating models...

0 errors found
July 31, 2014 - 18:08:38
Django version 1.6.5, using settings 'projects.settings'
Starting development server at http://0.0.0.0:8000/
Quit the server with CONTROL-C.
[31/Jul/2014 18:09:14] "GET /meraki_inv/device/93/ HTTP/1.1" 200 4044
[31/Jul/2014 18:09:14] "GET /static/css/bootstrap.min.css HTTP/1.1" 304 0
[31/Jul/2014 18:09:14] "GET /static/js/jquery.js HTTP/1.1" 304 0
[31/Jul/2014 18:09:14] "GET /static/js/bootstrap.min.js HTTP/1.1" 304 0
[31/Jul/2014 18:09:16] "POST /meraki_inv/device/93/edit/ HTTP/1.1" 500 66841
Validating models...

0 errors found
July 31, 2014 - 18:08:56
Django version 1.6.5, using settings 'projects.settings'
Starting development server at http://0.0.0.0:8000/
Quit the server with CONTROL-C.
[31/Jul/2014 18:09:54] "POST /meraki_inv/device/93/edit/ HTTP/1.1" 200 4823
[31/Jul/2014 18:09:54] "GET /static/css/bootstrap.min.css HTTP/1.1" 304 0
[31/Jul/2014 18:09:54] "GET /static/js/jquery.js HTTP/1.1" 304 0
[31/Jul/2014 18:09:54] "GET /static/js/bootstrap.min.js HTTP/1.1" 304 0
[31/Jul/2014 18:10:06] "POST /meraki_inv/device/93/edit/ HTTP/1.1" 200 4823
[31/Jul/2014 18:10:06] "GET /static/css/bootstrap.min.css HTTP/1.1" 304 0
[31/Jul/2014 18:10:06] "GET /static/js/jquery.js HTTP/1.1" 304 0
[31/Jul/2014 18:10:06] "GET /static/js/bootstrap.min.js HTTP/1.1" 304 0
[31/Jul/2014 18:10:27] "POST /meraki_inv/device/93/edit/ HTTP/1.1" 200 4823
[31/Jul/2014 18:10:45] "POST /meraki_inv/device/93/edit/ HTTP/1.1" 200 4836
[31/Jul/2014 18:11:02] "POST /meraki_inv/device/93/edit/ HTTP/1.1" 302 0
[31/Jul/2014 18:11:02] "GET /meraki_inv/device/93/ HTTP/1.1" 200 4044
Validating models...

0 errors found
July 31, 2014 - 18:09:54
Django version 1.6.5, using settings 'projects.settings'
Starting development server at http://0.0.0.0:8000/
Quit the server with CONTROL-C.
[31/Jul/2014 18:13:26] "GET /meraki_inv/device/93/ HTTP/1.1" 500 94381
[31/Jul/2014 18:17:05] "GET /meraki_inv/device/93/ HTTP/1.1" 500 94381
[31/Jul/2014 18:17:15] "GET /meraki_inv/device/93/ HTTP/1.1" 200 4044
[31/Jul/2014 18:17:15] "GET /static/css/bootstrap.min.css HTTP/1.1" 304 0
[31/Jul/2014 18:17:15] "GET /static/js/jquery.js HTTP/1.1" 304 0
[31/Jul/2014 18:17:15] "GET /static/js/bootstrap.min.js HTTP/1.1" 304 0
[31/Jul/2014 18:17:17] "POST /meraki_inv/device/93/edit/ HTTP/1.1" 500 96373
Validating models...

0 errors found
July 31, 2014 - 18:13:21
Django version 1.6.5, using settings 'projects.settings'
Starting development server at http://0.0.0.0:8000/
Quit the server with CONTROL-C.
[31/Jul/2014 18:17:26] "POST /meraki_inv/device/93/edit/ HTTP/1.1" 500 96327
Validating models...

0 errors found
July 31, 2014 - 18:17:25
Django version 1.6.5, using settings 'projects.settings'
Starting development server at http://0.0.0.0:8000/
Quit the server with CONTROL-C.
[31/Jul/2014 18:17:46] "POST /meraki_inv/device/93/edit/ HTTP/1.1" 500 98996
Validating models...

0 errors found
July 31, 2014 - 18:17:45
Django version 1.6.5, using settings 'projects.settings'
Starting development server at http://0.0.0.0:8000/
Quit the server with CONTROL-C.
[31/Jul/2014 18:17:54] "POST /meraki_inv/device/93/edit/ HTTP/1.1" 500 98976
Validating models...

0 errors found
July 31, 2014 - 18:17:53
Django version 1.6.5, using settings 'projects.settings'
Starting development server at http://0.0.0.0:8000/
Quit the server with CONTROL-C.
[31/Jul/2014 18:18:08] "POST /meraki_inv/device/93/edit/ HTTP/1.1" 500 98936
Validating models...

0 errors found
July 31, 2014 - 18:18:06
Django version 1.6.5, using settings 'projects.settings'
Starting development server at http://0.0.0.0:8000/
Quit the server with CONTROL-C.
[31/Jul/2014 18:18:53] "POST /meraki_inv/device/93/edit/ HTTP/1.1" 500 107057
Validating models...

0 errors found
July 31, 2014 - 18:18:33
Django version 1.6.5, using settings 'projects.settings'
Starting development server at http://0.0.0.0:8000/
Quit the server with CONTROL-C.
[31/Jul/2014 18:19:15] "POST /meraki_inv/device/93/edit/ HTTP/1.1" 200 4823
[31/Jul/2014 18:19:15] "GET /static/css/bootstrap.min.css HTTP/1.1" 304 0
[31/Jul/2014 18:19:15] "GET /static/js/jquery.js HTTP/1.1" 304 0
[31/Jul/2014 18:19:15] "GET /static/js/bootstrap.min.js HTTP/1.1" 304 0
[31/Jul/2014 18:19:24] "POST /meraki_inv/device/93/edit/ HTTP/1.1" 200 4823
[31/Jul/2014 18:19:24] "GET /static/css/bootstrap.min.css HTTP/1.1" 304 0
[31/Jul/2014 18:19:24] "GET /static/js/jquery.js HTTP/1.1" 304 0
[31/Jul/2014 18:19:24] "GET /static/js/bootstrap.min.js HTTP/1.1" 304 0
[31/Jul/2014 18:19:58] "POST /meraki_inv/device/93/edit/ HTTP/1.1" 200 4823
[31/Jul/2014 18:19:58] "GET /static/css/bootstrap.min.css HTTP/1.1" 304 0
[31/Jul/2014 18:19:58] "GET /static/js/jquery.js HTTP/1.1" 304 0
[31/Jul/2014 18:19:58] "GET /static/js/bootstrap.min.js HTTP/1.1" 304 0
[01/Aug/2014 06:21:55] "GET /meraki_inv/device/ HTTP/1.1" 200 11444
[01/Aug/2014 06:21:58] "GET /meraki_inv/device/add/ HTTP/1.1" 200 4816
[01/Aug/2014 06:22:10] "POST /meraki_inv/device/add/ HTTP/1.1" 302 0
[01/Aug/2014 06:22:10] "GET /meraki_inv/device/113/ HTTP/1.1" 200 4047
[01/Aug/2014 06:22:12] "POST /meraki_inv/device/113/edit/ HTTP/1.1" 200 4823
[01/Aug/2014 06:22:16] "GET /meraki_inv/device/ HTTP/1.1" 200 11681
[01/Aug/2014 06:23:04] "GET /meraki_inv/device/1/ HTTP/1.1" 200 4078
[01/Aug/2014 06:23:06] "GET /meraki_inv/device/ HTTP/1.1" 200 11681
Validating models...

0 errors found
July 31, 2014 - 18:19:14
Django version 1.6.5, using settings 'projects.settings'
Starting development server at http://0.0.0.0:8000/
Quit the server with CONTROL-C.
[01/Aug/2014 06:24:03] "GET /meraki_inv/device/113/ HTTP/1.1" 200 4047
[01/Aug/2014 06:24:04] "POST /meraki_inv/device/113/edit/ HTTP/1.1" 200 4823
[01/Aug/2014 06:24:05] "GET /meraki_inv/device/ HTTP/1.1" 200 11681
Validating models...

0 errors found
August 01, 2014 - 06:23:59
Django version 1.6.5, using settings 'projects.settings'
Starting development server at http://0.0.0.0:8000/
Quit the server with CONTROL-C.
[01/Aug/2014 06:24:48] "GET /meraki_inv/device/113/ HTTP/1.1" 200 4047
[01/Aug/2014 06:24:49] "POST /meraki_inv/device/113/edit/ HTTP/1.1" 200 4823
[01/Aug/2014 06:24:50] "GET /meraki_inv/device/ HTTP/1.1" 200 11681
[01/Aug/2014 07:09:19] "GET /meraki_inv/device/add/ HTTP/1.1" 200 4816
[01/Aug/2014 07:09:20] "GET /meraki_inv/device/ HTTP/1.1" 200 11681
[01/Aug/2014 07:09:22] "GET /meraki_inv/device/113/ HTTP/1.1" 200 4047
[01/Aug/2014 08:13:40] "GET /meraki_inv/device/ HTTP/1.1" 200 11681
[01/Aug/2014 09:07:21] "GET /meraki_inv/device/113/ HTTP/1.1" 200 4047
[01/Aug/2014 09:07:23] "GET /meraki_inv/device/ HTTP/1.1" 200 11681
[01/Aug/2014 09:07:26] "GET /meraki_inv/device/113/ HTTP/1.1" 200 4047
[01/Aug/2014 09:07:28] "POST /meraki_inv/device/113/edit/ HTTP/1.1" 200 4823
[01/Aug/2014 09:07:37] "POST /meraki_inv/device/113/edit/ HTTP/1.1" 302 0
[01/Aug/2014 09:07:37] "GET /meraki_inv/device/113/ HTTP/1.1" 200 4055
[01/Aug/2014 09:07:39] "GET /meraki_inv/device/ HTTP/1.1" 200 11685
[01/Aug/2014 09:07:42] "GET /meraki_inv/device/113/ HTTP/1.1" 200 4055
[01/Aug/2014 09:07:43] "POST /meraki_inv/device/113/delete HTTP/1.1" 302 0
[01/Aug/2014 09:07:43] "GET /meraki_inv/device/ HTTP/1.1" 200 11444
Validating models...

0 errors found
August 01, 2014 - 06:24:12
Django version 1.6.5, using settings 'projects.settings'
Starting development server at http://0.0.0.0:8000/
Quit the server with CONTROL-C.
[01/Aug/2014 09:10:17] "GET /meraki_inv/device/ HTTP/1.1" 200 11444
[01/Aug/2014 09:10:17] "GET /static/css/bootstrap.min.css HTTP/1.1" 304 0
[01/Aug/2014 09:10:17] "GET /static/js/jquery.js HTTP/1.1" 304 0
[01/Aug/2014 09:10:17] "GET /static/js/bootstrap.min.js HTTP/1.1" 304 0
[01/Aug/2014 09:10:18] "GET /meraki_inv/device/93/ HTTP/1.1" 200 4044
[01/Aug/2014 09:10:19] "POST /meraki_inv/device/93/edit/ HTTP/1.1" 200 4823
[01/Aug/2014 09:10:20] "GET /meraki_inv/device/ HTTP/1.1" 200 11444
Validating models...

0 errors found
August 01, 2014 - 09:10:15
Django version 1.6.5, using settings 'projects.settings'
Starting development server at http://0.0.0.0:8000/
Quit the server with CONTROL-C.
[01/Aug/2014 09:18:41] "GET /meraki_inv/device/ HTTP/1.1" 200 11444
[01/Aug/2014 09:18:41] "GET /static/js/jquery.js HTTP/1.1" 304 0
[01/Aug/2014 09:18:41] "GET /static/css/bootstrap.min.css HTTP/1.1" 304 0
[01/Aug/2014 09:18:41] "GET /static/js/bootstrap.min.js HTTP/1.1" 304 0
[01/Aug/2014 09:18:43] "GET /meraki_inv/device/ HTTP/1.1" 200 11444
[01/Aug/2014 09:18:43] "GET /meraki_inv/device/ HTTP/1.1" 200 11444
[01/Aug/2014 09:18:43] "GET /meraki_inv/device/ HTTP/1.1" 200 11444
[01/Aug/2014 09:18:44] "GET /meraki_inv/device/ HTTP/1.1" 200 11444
Validating models...

0 errors found
August 01, 2014 - 09:10:46
Django version 1.6.5, using settings 'projects.settings'
Starting development server at http://0.0.0.0:8000/
Quit the server with CONTROL-C.
[01/Aug/2014 16:53:02] "GET /meraki_inv/device/ HTTP/1.1" 200 11444
[01/Aug/2014 16:53:02] "GET /static/css/bootstrap.min.css HTTP/1.1" 200 109518
[01/Aug/2014 16:53:02] "GET /static/js/bootstrap.min.js HTTP/1.1" 200 31819
[01/Aug/2014 16:53:02] "GET /static/js/jquery.js HTTP/1.1" 200 247351
[01/Aug/2014 16:53:06] "GET /meraki_inv/device/add/ HTTP/1.1" 200 4816
[01/Aug/2014 16:53:52] "POST /meraki_inv/device/add/ HTTP/1.1" 200 4909
[01/Aug/2014 16:54:06] "POST /meraki_inv/device/add/ HTTP/1.1" 200 4883
[01/Aug/2014 16:54:11] "POST /meraki_inv/device/add/ HTTP/1.1" 200 4883
[01/Aug/2014 16:54:13] "GET /meraki_inv/device/ HTTP/1.1" 200 11444
[05/Aug/2014 09:44:43] "GET /meraki_inv/device/ HTTP/1.1" 200 11444
[05/Aug/2014 09:44:43] "GET /static/css/bootstrap.min.css HTTP/1.1" 200 109518
[05/Aug/2014 09:44:43] "GET /static/js/bootstrap.min.js HTTP/1.1" 200 31819
[05/Aug/2014 09:44:43] "GET /static/js/jquery.js HTTP/1.1" 200 247351
[05/Aug/2014 09:44:55] "GET /meraki_inv/device/1/ HTTP/1.1" 200 4078
[05/Aug/2014 09:45:01] "POST /meraki_inv/device/1/edit/ HTTP/1.1" 200 4823
[05/Aug/2014 09:45:07] "GET /meraki_inv/device/1/ HTTP/1.1" 200 4078
[05/Aug/2014 09:45:15] "GET /meraki_inv/device/ HTTP/1.1" 200 11444
[05/Aug/2014 11:01:19] "GET /meraki_inv/device/ HTTP/1.1" 200 11444
[05/Aug/2014 11:01:19] "GET /static/css/bootstrap.min.css HTTP/1.1" 304 0
[05/Aug/2014 11:01:19] "GET /static/js/bootstrap.min.js HTTP/1.1" 304 0
[05/Aug/2014 16:48:15] "GET /meraki_inv/device/ HTTP/1.1" 200 11444
[05/Aug/2014 16:48:17] "GET /meraki_inv/device/1/ HTTP/1.1" 200 4078
[05/Aug/2014 16:48:22] "GET /meraki_inv/device/ HTTP/1.1" 200 11444
[05/Aug/2014 16:48:23] "GET /meraki_inv/device/2/ HTTP/1.1" 200 4123
[05/Aug/2014 16:48:46] "GET /meraki_inv/device/ HTTP/1.1" 200 11444
[05/Aug/2014 16:48:48] "GET /meraki_inv/device/add/ HTTP/1.1" 200 4816
[05/Aug/2014 16:48:53] "POST /meraki_inv/device/add/ HTTP/1.1" 302 0
[05/Aug/2014 16:48:53] "GET /meraki_inv/device/114/ HTTP/1.1" 200 4046
[05/Aug/2014 16:48:55] "POST /meraki_inv/device/114/edit/ HTTP/1.1" 200 4823
[05/Aug/2014 16:48:59] "POST /meraki_inv/device/114/edit/ HTTP/1.1" 302 0
[05/Aug/2014 16:48:59] "GET /meraki_inv/device/114/ HTTP/1.1" 200 4048
[05/Aug/2014 16:49:01] "POST /meraki_inv/device/114/edit/ HTTP/1.1" 200 4823
[05/Aug/2014 16:49:04] "POST /meraki_inv/device/114/edit/ HTTP/1.1" 200 4837
[05/Aug/2014 16:49:05] "POST /meraki_inv/device/114/edit/ HTTP/1.1" 200 4837
[05/Aug/2014 16:49:06] "GET /meraki_inv/device/ HTTP/1.1" 200 11682
[05/Aug/2014 16:49:54] "GET /meraki_inv/device/114/ HTTP/1.1" 200 4048
[05/Aug/2014 16:49:57] "POST /meraki_inv/device/114/delete HTTP/1.1" 302 0
[05/Aug/2014 16:49:57] "GET /meraki_inv/device/ HTTP/1.1" 200 11444
[10/Aug/2014 09:23:33] "GET /meraki_inv/device/ HTTP/1.1" 200 11444
[10/Aug/2014 09:23:33] "GET /static/css/bootstrap.min.css HTTP/1.1" 304 0
[10/Aug/2014 09:23:33] "GET /static/js/jquery.js HTTP/1.1" 304 0
[10/Aug/2014 09:23:33] "GET /static/js/bootstrap.min.js HTTP/1.1" 304 0
[10/Aug/2014 09:24:08] "GET /meraki_inv/device/add/ HTTP/1.1" 200 4816
[10/Aug/2014 09:24:10] "GET /meraki_inv/device/ HTTP/1.1" 200 11444
[10/Aug/2014 13:33:22] "GET /meraki_inv/device/ HTTP/1.1" 200 11444
[10/Aug/2014 13:33:22] "GET /meraki_inv/device/ HTTP/1.1" 200 11444
[10/Aug/2014 15:46:54] "GET /meraki_inv/device/ HTTP/1.1" 200 11444
[10/Aug/2014 15:47:49] "GET /meraki_inv/device/ HTTP/1.1" 200 6509
[10/Aug/2014 15:47:49] "GET /static/css/bootstrap.min.css HTTP/1.1" 304 0
[10/Aug/2014 15:47:49] "GET /static/js/jquery.js HTTP/1.1" 304 0
[10/Aug/2014 15:47:49] "GET /static/js/bootstrap.min.js HTTP/1.1" 304 0
[10/Aug/2014 15:48:18] "GET /meraki_inv/device/ HTTP/1.1" 200 2313
[10/Aug/2014 15:48:18] "GET /static/css/bootstrap.min.css HTTP/1.1" 304 0
[10/Aug/2014 15:48:18] "GET /static/js/jquery.js HTTP/1.1" 304 0
[10/Aug/2014 15:48:19] "GET /static/js/bootstrap.min.js HTTP/1.1" 304 0
[10/Aug/2014 15:48:36] "GET /meraki_inv/device/ HTTP/1.1" 200 2078
[10/Aug/2014 15:48:36] "GET /static/css/bootstrap.min.css HTTP/1.1" 304 0
[10/Aug/2014 15:48:36] "GET /static/js/jquery.js HTTP/1.1" 304 0
[10/Aug/2014 15:48:36] "GET /static/js/bootstrap.min.js HTTP/1.1" 304 0
[10/Aug/2014 15:48:46] "GET /meraki_inv/device/add/ HTTP/1.1" 200 4816
[10/Aug/2014 15:49:01] "POST /meraki_inv/device/add/ HTTP/1.1" 302 0
[10/Aug/2014 15:49:01] "GET /meraki_inv/device/115/ HTTP/1.1" 200 4022
Validating models...

0 errors found
August 01, 2014 - 11:35:37
Django version 1.6.5, using settings 'projects.settings'
Starting development server at http://0.0.0.0:8000/
Quit the server with CONTROL-C.
[10/Aug/2014 15:51:03] "POST /meraki_inv/device/115/edit/ HTTP/1.1" 500 111935
[10/Aug/2014 15:51:10] "POST /meraki_inv/device/115/edit/ HTTP/1.1" 200 4823
[10/Aug/2014 15:51:10] "GET /static/css/bootstrap.min.css HTTP/1.1" 304 0
[10/Aug/2014 15:51:10] "GET /static/js/jquery.js HTTP/1.1" 304 0
[10/Aug/2014 15:51:10] "GET /static/js/bootstrap.min.js HTTP/1.1" 304 0
Validating models...

0 errors found
August 10, 2014 - 15:50:53
Django version 1.6.5, using settings 'projects.settings'
Starting development server at http://0.0.0.0:8000/
Quit the server with CONTROL-C.
[10/Aug/2014 15:54:41] "POST /meraki_inv/device/115/edit/ HTTP/1.1" 200 4823
[10/Aug/2014 15:54:41] "GET /static/css/bootstrap.min.css HTTP/1.1" 304 0
[10/Aug/2014 15:54:41] "GET /static/js/jquery.js HTTP/1.1" 304 0
[10/Aug/2014 15:54:41] "GET /static/js/bootstrap.min.js HTTP/1.1" 304 0
[10/Aug/2014 15:54:42] "GET /meraki_inv/device/ HTTP/1.1" 200 2302
[10/Aug/2014 15:54:45] "GET /meraki_inv/device/115/ HTTP/1.1" 200 4022
[10/Aug/2014 15:54:46] "POST /meraki_inv/device/115/edit/ HTTP/1.1" 200 4823
[10/Aug/2014 15:54:57] "POST /meraki_inv/device/115/edit/ HTTP/1.1" 200 4823
[10/Aug/2014 15:54:57] "GET /static/css/bootstrap.min.css HTTP/1.1" 304 0
[10/Aug/2014 15:54:57] "GET /static/js/jquery.js HTTP/1.1" 304 0
[10/Aug/2014 15:54:57] "GET /static/js/bootstrap.min.js HTTP/1.1" 304 0
Validating models...

0 errors found
August 10, 2014 - 15:54:36
Django version 1.6.5, using settings 'projects.settings'
Starting development server at http://0.0.0.0:8000/
Quit the server with CONTROL-C.
[10/Aug/2014 15:58:04] "GET /meraki_inv/device/ HTTP/1.1" 200 2302
[10/Aug/2014 15:58:06] "GET /meraki_inv/device/115/ HTTP/1.1" 200 4022
[10/Aug/2014 15:58:07] "POST /meraki_inv/device/115/edit/ HTTP/1.1" 200 6408
[10/Aug/2014 15:59:12] "POST /meraki_inv/device/115/edit/ HTTP/1.1" 200 3246
[10/Aug/2014 15:59:12] "GET /static/css/bootstrap.min.css HTTP/1.1" 304 0
[10/Aug/2014 15:59:12] "GET /static/js/jquery.js HTTP/1.1" 304 0
[10/Aug/2014 15:59:12] "GET /static/js/bootstrap.min.js HTTP/1.1" 304 0
[10/Aug/2014 15:59:37] "GET /meraki_inv/device/ HTTP/1.1" 200 2302
[10/Aug/2014 15:59:44] "GET /meraki_inv/device/115/ HTTP/1.1" 200 4022
[10/Aug/2014 15:59:45] "POST /meraki_inv/device/115/edit/ HTTP/1.1" 200 3246
[10/Aug/2014 16:00:31] "POST /meraki_inv/device/115/edit/ HTTP/1.1" 200 3408
[10/Aug/2014 16:00:32] "GET /static/css/bootstrap.min.css HTTP/1.1" 304 0
[10/Aug/2014 16:00:32] "GET /static/js/jquery.js HTTP/1.1" 304 0
[10/Aug/2014 16:00:32] "GET /static/js/bootstrap.min.js HTTP/1.1" 304 0
[10/Aug/2014 16:01:06] "POST /meraki_inv/device/115/edit/ HTTP/1.1" 200 3408
[10/Aug/2014 16:01:06] "GET /static/css/bootstrap.min.css HTTP/1.1" 304 0
[10/Aug/2014 16:01:06] "GET /static/js/jquery.js HTTP/1.1" 304 0
[10/Aug/2014 16:01:06] "GET /static/js/bootstrap.min.js HTTP/1.1" 304 0
[10/Aug/2014 16:01:08] "POST /meraki_inv/device/115/edit/ HTTP/1.1" 200 3408
[10/Aug/2014 16:01:08] "GET /static/css/bootstrap.min.css HTTP/1.1" 304 0
[10/Aug/2014 16:01:08] "GET /static/js/jquery.js HTTP/1.1" 304 0
[10/Aug/2014 16:01:08] "GET /static/js/bootstrap.min.js HTTP/1.1" 304 0
[10/Aug/2014 16:01:26] "POST /meraki_inv/device/115/edit/ HTTP/1.1" 200 3255
[10/Aug/2014 16:01:26] "GET /static/css/bootstrap.min.css HTTP/1.1" 304 0
[10/Aug/2014 16:01:26] "GET /static/js/jquery.js HTTP/1.1" 304 0
[10/Aug/2014 16:01:26] "GET /static/js/bootstrap.min.js HTTP/1.1" 304 0
[10/Aug/2014 16:01:35] "POST /meraki_inv/device/115/edit/ HTTP/1.1" 200 3408
[10/Aug/2014 16:01:35] "GET /static/css/bootstrap.min.css HTTP/1.1" 304 0
[10/Aug/2014 16:01:35] "GET /static/js/jquery.js HTTP/1.1" 304 0
[10/Aug/2014 16:01:35] "GET /static/js/bootstrap.min.js HTTP/1.1" 304 0
[10/Aug/2014 16:03:53] "POST /meraki_inv/device/115/edit/ HTTP/1.1" 200 6488
[10/Aug/2014 16:03:53] "GET /static/css/bootstrap.min.css HTTP/1.1" 304 0
[10/Aug/2014 16:03:53] "GET /static/js/jquery.js HTTP/1.1" 304 0
[10/Aug/2014 16:03:53] "GET /static/js/bootstrap.min.js HTTP/1.1" 304 0
[10/Aug/2014 16:03:56] "POST /meraki_inv/device/115/edit/ HTTP/1.1" 200 6488
[10/Aug/2014 16:03:59] "POST /meraki_inv/device/115/edit/ HTTP/1.1" 200 6500
[10/Aug/2014 16:04:08] "POST /meraki_inv/device/115/edit/ HTTP/1.1" 200 6500
[10/Aug/2014 16:04:08] "GET /static/css/bootstrap.min.css HTTP/1.1" 304 0
[10/Aug/2014 16:04:08] "GET /static/js/jquery.js HTTP/1.1" 304 0
[10/Aug/2014 16:04:08] "GET /static/js/bootstrap.min.js HTTP/1.1" 304 0
[10/Aug/2014 16:04:10] "POST /meraki_inv/device/115/edit/ HTTP/1.1" 200 6500
[10/Aug/2014 16:05:41] "POST /meraki_inv/device/115/edit/ HTTP/1.1" 200 6972
[10/Aug/2014 16:05:41] "GET /static/css/bootstrap.min.css HTTP/1.1" 304 0
[10/Aug/2014 16:05:41] "GET /static/js/jquery.js HTTP/1.1" 304 0
[10/Aug/2014 16:05:41] "GET /static/js/bootstrap.min.js HTTP/1.1" 304 0
[10/Aug/2014 16:05:45] "GET /meraki_inv/device/ HTTP/1.1" 200 2302
[10/Aug/2014 16:05:47] "GET /meraki_inv/device/115/ HTTP/1.1" 200 4022
[10/Aug/2014 16:05:48] "POST /meraki_inv/device/115/edit/ HTTP/1.1" 200 7019
[10/Aug/2014 16:05:56] "POST /meraki_inv/device/115/edit/ HTTP/1.1" 200 7028
[10/Aug/2014 16:05:56] "GET /static/css/bootstrap.min.css HTTP/1.1" 304 0
[10/Aug/2014 16:05:56] "GET /static/js/jquery.js HTTP/1.1" 304 0
[10/Aug/2014 16:05:56] "GET /static/js/bootstrap.min.js HTTP/1.1" 304 0
[10/Aug/2014 16:06:09] "POST /meraki_inv/device/115/edit/ HTTP/1.1" 200 6929
[10/Aug/2014 16:06:09] "GET /static/css/bootstrap.min.css HTTP/1.1" 304 0
[10/Aug/2014 16:06:09] "GET /static/js/jquery.js HTTP/1.1" 304 0
[10/Aug/2014 16:06:09] "GET /static/js/bootstrap.min.js HTTP/1.1" 304 0
[10/Aug/2014 16:07:15] "POST /meraki_inv/device/115/edit/ HTTP/1.1" 200 7019
[10/Aug/2014 16:07:15] "GET /static/css/bootstrap.min.css HTTP/1.1" 304 0
[10/Aug/2014 16:07:15] "GET /static/js/jquery.js HTTP/1.1" 304 0
[10/Aug/2014 16:07:15] "GET /static/js/bootstrap.min.js HTTP/1.1" 304 0
[10/Aug/2014 16:07:27] "POST /meraki_inv/device/115/edit/ HTTP/1.1" 200 7019
[10/Aug/2014 16:07:27] "GET /static/css/bootstrap.min.css HTTP/1.1" 304 0
[10/Aug/2014 16:07:27] "GET /static/js/jquery.js HTTP/1.1" 304 0
[10/Aug/2014 16:07:27] "GET /static/js/bootstrap.min.js HTTP/1.1" 304 0
[10/Aug/2014 16:08:37] "POST /meraki_inv/device/115/edit/ HTTP/1.1" 200 6893
[10/Aug/2014 16:08:37] "GET /static/css/bootstrap.min.css HTTP/1.1" 304 0
[10/Aug/2014 16:08:37] "GET /static/js/jquery.js HTTP/1.1" 304 0
[10/Aug/2014 16:08:37] "GET /static/js/bootstrap.min.js HTTP/1.1" 304 0
[10/Aug/2014 16:09:37] "POST /meraki_inv/device/115/edit/ HTTP/1.1" 200 7361
[10/Aug/2014 16:09:37] "GET /static/css/bootstrap.min.css HTTP/1.1" 304 0
[10/Aug/2014 16:09:37] "GET /static/js/jquery.js HTTP/1.1" 304 0
[10/Aug/2014 16:09:37] "GET /static/js/bootstrap.min.js HTTP/1.1" 304 0
[10/Aug/2014 16:10:15] "POST /meraki_inv/device/115/edit/ HTTP/1.1" 200 6766
[10/Aug/2014 16:10:15] "GET /static/css/bootstrap.min.css HTTP/1.1" 304 0
[10/Aug/2014 16:10:15] "GET /static/js/jquery.js HTTP/1.1" 304 0
[10/Aug/2014 16:10:15] "GET /static/js/bootstrap.min.js HTTP/1.1" 304 0
[10/Aug/2014 16:18:45] "GET /meraki_inv/device/115/ HTTP/1.1" 200 4022
[10/Aug/2014 16:18:58] "POST /meraki_inv/device/115/edit/ HTTP/1.1" 200 6766
[10/Aug/2014 16:24:23] "POST /meraki_inv/device/115/edit/ HTTP/1.1" 200 7361
[10/Aug/2014 16:24:23] "GET /static/css/bootstrap.min.css HTTP/1.1" 304 0
[10/Aug/2014 16:24:23] "GET /static/js/jquery.js HTTP/1.1" 304 0
[10/Aug/2014 16:24:23] "GET /static/js/bootstrap.min.js HTTP/1.1" 304 0
[10/Aug/2014 16:27:25] "POST /meraki_inv/device/115/edit/ HTTP/1.1" 200 6802
[10/Aug/2014 16:27:25] "GET /static/css/bootstrap.min.css HTTP/1.1" 304 0
[10/Aug/2014 16:27:25] "GET /static/js/jquery.js HTTP/1.1" 304 0
[10/Aug/2014 16:27:25] "GET /static/js/bootstrap.min.js HTTP/1.1" 304 0
[10/Aug/2014 16:27:28] "GET /meraki_inv/device/ HTTP/1.1" 200 2302
[10/Aug/2014 16:27:30] "GET /meraki_inv/device/115/ HTTP/1.1" 200 4022
[10/Aug/2014 16:27:31] "POST /meraki_inv/device/115/edit/ HTTP/1.1" 200 6802
[13/Aug/2014 13:24:18] "GET /meraki_inv/device/ HTTP/1.1" 200 2302
[13/Aug/2014 15:04:48] "GET /meraki_inv/device/ HTTP/1.1" 200 2302
[13/Aug/2014 15:04:50] "GET /meraki_inv/device/2/ HTTP/1.1" 200 4123
[13/Aug/2014 17:46:33] "GET /meraki_inv/device/ HTTP/1.1" 200 2302
[13/Aug/2014 17:46:33] "GET /static/js/bootstrap.min.js HTTP/1.1" 200 31819
[13/Aug/2014 17:46:33] "GET /static/css/bootstrap.min.css HTTP/1.1" 200 109518
[13/Aug/2014 17:46:33] "GET /static/js/jquery.js HTTP/1.1" 200 247351
[13/Aug/2014 17:47:00] "GET /meraki_inv/device/add/ HTTP/1.1" 200 4816
[13/Aug/2014 17:47:01] "GET /meraki_inv/device/ HTTP/1.1" 200 2302
[13/Aug/2014 17:47:03] "GET /meraki_inv/device/1/ HTTP/1.1" 200 4078
[13/Aug/2014 17:48:11] "GET /meraki_inv/device/1/ HTTP/1.1" 200 4279
[13/Aug/2014 17:48:11] "GET /static/js/bootstrap.min.js HTTP/1.1" 304 0
[13/Aug/2014 17:48:11] "GET /static/js/jquery.js HTTP/1.1" 304 0
[13/Aug/2014 17:48:11] "GET /static/css/bootstrap.min.css HTTP/1.1" 304 0
[13/Aug/2014 17:48:14] "GET /meraki_inv/device/1/ HTTP/1.1" 200 4279
[13/Aug/2014 17:48:14] "GET /static/js/jquery.js HTTP/1.1" 304 0
[13/Aug/2014 17:48:14] "GET /static/css/bootstrap.min.css HTTP/1.1" 304 0
[13/Aug/2014 17:48:14] "GET /static/js/bootstrap.min.js HTTP/1.1" 304 0
[13/Aug/2014 17:48:15] "GET /meraki_inv/device/1/ HTTP/1.1" 200 4279
[13/Aug/2014 17:48:15] "GET /static/css/bootstrap.min.css HTTP/1.1" 304 0
[13/Aug/2014 17:48:15] "GET /static/js/jquery.js HTTP/1.1" 304 0
[13/Aug/2014 17:48:15] "GET /static/js/bootstrap.min.js HTTP/1.1" 304 0
[13/Aug/2014 17:48:15] "GET /meraki_inv/device/1/ HTTP/1.1" 200 4279
[13/Aug/2014 17:48:15] "GET /static/css/bootstrap.min.css HTTP/1.1" 304 0
[13/Aug/2014 17:48:15] "GET /static/js/jquery.js HTTP/1.1" 304 0
[13/Aug/2014 17:48:15] "GET /static/js/bootstrap.min.js HTTP/1.1" 304 0
[13/Aug/2014 17:48:33] "GET /meraki_inv/device/1/ HTTP/1.1" 200 4306
[13/Aug/2014 17:48:33] "GET /static/css/bootstrap.min.css HTTP/1.1" 304 0
[13/Aug/2014 17:48:33] "GET /static/js/jquery.js HTTP/1.1" 304 0
[13/Aug/2014 17:48:33] "GET /static/js/bootstrap.min.js HTTP/1.1" 304 0
[13/Aug/2014 17:49:13] "GET /meraki_inv/device/1/ HTTP/1.1" 200 4294
[13/Aug/2014 17:49:13] "GET /static/css/bootstrap.min.css HTTP/1.1" 304 0
[13/Aug/2014 17:49:13] "GET /static/js/jquery.js HTTP/1.1" 304 0
[13/Aug/2014 17:49:13] "GET /static/js/bootstrap.min.js HTTP/1.1" 304 0
[13/Aug/2014 17:49:35] "GET /meraki_inv/device/1/ HTTP/1.1" 200 4307
[13/Aug/2014 17:49:35] "GET /static/css/bootstrap.min.css HTTP/1.1" 304 0
[13/Aug/2014 17:49:35] "GET /static/js/jquery.js HTTP/1.1" 304 0
[13/Aug/2014 17:49:35] "GET /static/js/bootstrap.min.js HTTP/1.1" 304 0
[13/Aug/2014 17:50:10] "GET /meraki_inv/device/1/ HTTP/1.1" 500 147314
[13/Aug/2014 17:50:20] "GET /meraki_inv/device/1/ HTTP/1.1" 500 261896
[13/Aug/2014 17:50:49] "GET /meraki_inv/device/1/ HTTP/1.1" 200 4318
[13/Aug/2014 17:50:49] "GET /static/css/bootstrap.min.css HTTP/1.1" 304 0
[13/Aug/2014 17:50:49] "GET /static/js/jquery.js HTTP/1.1" 304 0
[13/Aug/2014 17:50:49] "GET /static/js/bootstrap.min.js HTTP/1.1" 304 0
Validating models...

0 errors found
August 10, 2014 - 15:56:40
Django version 1.6.5, using settings 'projects.settings'
Starting development server at http://0.0.0.0:8000/
Quit the server with CONTROL-C.
[13/Aug/2014 17:52:16] "GET /meraki_inv/device/1/ HTTP/1.1" 500 110348
[13/Aug/2014 17:52:23] "GET /meraki_inv/device/1/ HTTP/1.1" 200 4318
[13/Aug/2014 17:52:23] "GET /static/css/bootstrap.min.css HTTP/1.1" 304 0
[13/Aug/2014 17:52:23] "GET /static/js/jquery.js HTTP/1.1" 304 0
[13/Aug/2014 17:52:23] "GET /static/js/bootstrap.min.js HTTP/1.1" 304 0
Validating models...

0 errors found
August 13, 2014 - 17:52:12
Django version 1.6.5, using settings 'projects.settings'
Starting development server at http://0.0.0.0:8000/
Quit the server with CONTROL-C.
[13/Aug/2014 17:54:57] "GET /meraki_inv/device/1/ HTTP/1.1" 500 80390
Validating models...

0 errors found
August 13, 2014 - 17:54:56
Django version 1.6.5, using settings 'projects.settings'
Starting development server at http://0.0.0.0:8000/
Quit the server with CONTROL-C.
[13/Aug/2014 17:55:11] "GET /meraki_inv/device/1/ HTTP/1.1" 500 80510
Validating models...

0 errors found
August 13, 2014 - 17:55:05
Django version 1.6.5, using settings 'projects.settings'
Starting development server at http://0.0.0.0:8000/
Quit the server with CONTROL-C.
[13/Aug/2014 17:55:34] "GET /meraki_inv/device/1/ HTTP/1.1" 500 80510
Validating models...

0 errors found
August 13, 2014 - 17:55:33
Django version 1.6.5, using settings 'projects.settings'
Starting development server at http://0.0.0.0:8000/
Quit the server with CONTROL-C.
[13/Aug/2014 17:55:44] "GET /meraki_inv/device/1/ HTTP/1.1" 500 132647
Validating models...

0 errors found
August 13, 2014 - 17:55:42
Django version 1.6.5, using settings 'projects.settings'
Starting development server at http://0.0.0.0:8000/
Quit the server with CONTROL-C.
[13/Aug/2014 17:55:55] "GET /meraki_inv/device/1/ HTTP/1.1" 500 281741
Validating models...

0 errors found
August 13, 2014 - 17:55:54
Django version 1.6.5, using settings 'projects.settings'
Starting development server at http://0.0.0.0:8000/
Quit the server with CONTROL-C.
[13/Aug/2014 17:56:13] "GET /meraki_inv/device/1/ HTTP/1.1" 500 80461
Validating models...

0 errors found
August 13, 2014 - 17:56:12
Django version 1.6.5, using settings 'projects.settings'
Starting development server at http://0.0.0.0:8000/
Quit the server with CONTROL-C.
[13/Aug/2014 17:56:25] "GET /meraki_inv/device/1/ HTTP/1.1" 500 132280
Validating models...

0 errors found
August 13, 2014 - 17:56:24
Django version 1.6.5, using settings 'projects.settings'
Starting development server at http://0.0.0.0:8000/
Quit the server with CONTROL-C.
[13/Aug/2014 17:56:43] "GET /meraki_inv/device/1/ HTTP/1.1" 500 80423
[13/Aug/2014 17:56:45] "GET /meraki_inv/device/1/ HTTP/1.1" 500 79730
Validating models...

0 errors found
August 13, 2014 - 17:56:41
Django version 1.6.5, using settings 'projects.settings'
Starting development server at http://0.0.0.0:8000/
Quit the server with CONTROL-C.
[13/Aug/2014 17:56:55] "GET /meraki_inv/device/1/ HTTP/1.1" 500 281741
Validating models...

0 errors found
August 13, 2014 - 17:56:55
Django version 1.6.5, using settings 'projects.settings'
Starting development server at http://0.0.0.0:8000/
Quit the server with CONTROL-C.
[13/Aug/2014 17:57:19] "GET /meraki_inv/device/1/ HTTP/1.1" 500 80261
[13/Aug/2014 17:57:22] "GET /meraki_inv/device/1/ HTTP/1.1" 500 80286
Validating models...

0 errors found
August 13, 2014 - 17:57:18
Django version 1.6.5, using settings 'projects.settings'
Starting development server at http://0.0.0.0:8000/
Quit the server with CONTROL-C.
[13/Aug/2014 17:57:32] "GET /meraki_inv/device/1/ HTTP/1.1" 500 281741
Validating models...

0 errors found
August 13, 2014 - 17:57:30
Django version 1.6.5, using settings 'projects.settings'
Starting development server at http://0.0.0.0:8000/
Quit the server with CONTROL-C.
[13/Aug/2014 17:57:39] "GET /meraki_inv/device/1/ HTTP/1.1" 500 80381
Validating models...

0 errors found
August 13, 2014 - 17:57:38
Django version 1.6.5, using settings 'projects.settings'
Starting development server at http://0.0.0.0:8000/
Quit the server with CONTROL-C.
[13/Aug/2014 17:57:51] "GET /meraki_inv/device/1/ HTTP/1.1" 500 80265
Validating models...

0 errors found
August 13, 2014 - 17:57:45
Django version 1.6.5, using settings 'projects.settings'
Starting development server at http://0.0.0.0:8000/
Quit the server with CONTROL-C.
[13/Aug/2014 17:58:02] "GET /meraki_inv/device/1/ HTTP/1.1" 500 281741
Validating models...

0 errors found
August 13, 2014 - 17:57:59
Django version 1.6.5, using settings 'projects.settings'
Starting development server at http://0.0.0.0:8000/
Quit the server with CONTROL-C.
[13/Aug/2014 17:58:25] "GET /meraki_inv/device/1/ HTTP/1.1" 500 80251
Validating models...

0 errors found
August 13, 2014 - 17:58:24
Django version 1.6.5, using settings 'projects.settings'
Starting development server at http://0.0.0.0:8000/
Quit the server with CONTROL-C.
[13/Aug/2014 17:59:02] "GET /meraki_inv/device/1/ HTTP/1.1" 200 4318
[13/Aug/2014 17:59:02] "GET /static/js/jquery.js HTTP/1.1" 304 0
[13/Aug/2014 17:59:02] "GET /static/css/bootstrap.min.css HTTP/1.1" 304 0
[13/Aug/2014 17:59:02] "GET /static/js/bootstrap.min.js HTTP/1.1" 304 0
[13/Aug/2014 17:59:06] "GET /meraki_inv/device/ HTTP/1.1" 200 2302
[13/Aug/2014 17:59:08] "GET /meraki_inv/device/add/ HTTP/1.1" 200 4816
[13/Aug/2014 17:59:09] "GET /meraki_inv/device/ HTTP/1.1" 200 2302
[13/Aug/2014 17:59:10] "GET /meraki_inv/device/1/ HTTP/1.1" 200 4318
[13/Aug/2014 17:59:11] "POST /meraki_inv/device/1/edit/ HTTP/1.1" 200 6802
[13/Aug/2014 17:59:14] "GET /meraki_inv/device/ HTTP/1.1" 200 2302
[13/Aug/2014 17:59:15] "GET /meraki_inv/device/1/ HTTP/1.1" 200 4318
[13/Aug/2014 17:59:16] "GET /meraki_inv/device/ HTTP/1.1" 200 2302
[13/Aug/2014 17:59:18] "GET /meraki_inv/device/115/ HTTP/1.1" 200 4238
[13/Aug/2014 17:59:18] "POST /meraki_inv/device/115/delete HTTP/1.1" 302 0
[13/Aug/2014 17:59:18] "GET /meraki_inv/device/ HTTP/1.1" 200 2078
[13/Aug/2014 17:59:22] "GET /meraki_inv/device/ HTTP/1.1" 200 2078
[13/Aug/2014 17:59:25] "GET /meraki_inv/device/ HTTP/1.1" 200 2078
[13/Aug/2014 17:59:27] "GET /meraki_inv/device/1/ HTTP/1.1" 200 4318
[13/Aug/2014 17:59:30] "GET /meraki_inv/device/ HTTP/1.1" 200 2078
[02/Sep/2014 18:26:11] "GET /meraki_inv/device/119/note/ HTTP/1.1" 200 2072
[02/Sep/2014 18:26:11] "GET /static/css/bootstrap.min.css HTTP/1.1" 304 0
[02/Sep/2014 18:26:11] "GET /static/js/jquery.js HTTP/1.1" 304 0
[02/Sep/2014 18:26:11] "GET /static/js/bootstrap.min.js HTTP/1.1" 304 0
[02/Sep/2014 18:26:20] "GET /meraki_inv/device/119/note/ HTTP/1.1" 200 2072
Validating models...

0 errors found
September 02, 2014 - 18:25:47
Django version 1.6.5, using settings 'projects.settings'
Starting development server at http://0.0.0.0:8000/
Quit the server with CONTROL-C.
[02/Sep/2014 18:26:55] "GET /meraki_inv/device/119/note/ HTTP/1.1" 200 2072
[02/Sep/2014 18:26:55] "GET /static/css/bootstrap.min.css HTTP/1.1" 304 0
[02/Sep/2014 18:26:55] "GET /static/js/bootstrap.min.js HTTP/1.1" 304 0
[02/Sep/2014 18:26:55] "GET /static/js/jquery.js HTTP/1.1" 304 0
[02/Sep/2014 18:26:58] "GET /meraki_inv/device/119/note/ HTTP/1.1" 200 2072
[02/Sep/2014 18:26:58] "GET /static/js/jquery.js HTTP/1.1" 304 0
[02/Sep/2014 18:26:58] "GET /static/css/bootstrap.min.css HTTP/1.1" 304 0
[02/Sep/2014 18:26:58] "GET /static/js/bootstrap.min.js HTTP/1.1" 304 0
Validating models...

0 errors found
September 02, 2014 - 18:26:54
Django version 1.6.5, using settings 'projects.settings'
Starting development server at http://0.0.0.0:8000/
Quit the server with CONTROL-C.
119
119
[02/Sep/2014 18:27:07] "GET /meraki_inv/device/119/note/ HTTP/1.1" 500 112545
[02/Sep/2014 18:27:16] "GET /meraki_inv/device/119/note/ HTTP/1.1" 500 112536
[02/Sep/2014 18:27:17] "GET /meraki_inv/device/119/note/ HTTP/1.1" 500 112536
[02/Sep/2014 18:27:31] "GET /meraki_inv/device/119/note/ HTTP/1.1" 500 80367
Validating models...

0 errors found
September 02, 2014 - 18:27:05
Django version 1.6.5, using settings 'projects.settings'
Starting development server at http://0.0.0.0:8000/
Quit the server with CONTROL-C.
[02/Sep/2014 18:27:39] "GET /meraki_inv/device/119/note/ HTTP/1.1" 200 2072
[02/Sep/2014 18:27:39] "GET /static/js/jquery.js HTTP/1.1" 304 0
[02/Sep/2014 18:27:39] "GET /static/css/bootstrap.min.css HTTP/1.1" 304 0
[02/Sep/2014 18:27:39] "GET /static/js/bootstrap.min.js HTTP/1.1" 304 0
[02/Sep/2014 18:27:42] "GET /meraki_inv/device/119/note/ HTTP/1.1" 200 2072
[02/Sep/2014 18:27:42] "GET /static/css/bootstrap.min.css HTTP/1.1" 304 0
[02/Sep/2014 18:27:42] "GET /static/js/jquery.js HTTP/1.1" 304 0
[02/Sep/2014 18:27:42] "GET /static/js/bootstrap.min.js HTTP/1.1" 304 0
[02/Sep/2014 18:27:43] "GET /meraki_inv/device/119/note/ HTTP/1.1" 200 2072
[02/Sep/2014 18:27:43] "GET /static/css/bootstrap.min.css HTTP/1.1" 304 0
[02/Sep/2014 18:27:43] "GET /static/js/jquery.js HTTP/1.1" 304 0
[02/Sep/2014 18:27:43] "GET /static/js/bootstrap.min.js HTTP/1.1" 304 0
[02/Sep/2014 18:27:43] "GET /meraki_inv/device/119/note/ HTTP/1.1" 200 2072
[02/Sep/2014 18:27:43] "GET /static/css/bootstrap.min.css HTTP/1.1" 304 0
[02/Sep/2014 18:27:43] "GET /static/js/jquery.js HTTP/1.1" 304 0
[02/Sep/2014 18:27:43] "GET /static/js/bootstrap.min.js HTTP/1.1" 304 0
Validating models...

0 errors found
September 02, 2014 - 18:27:39
Django version 1.6.5, using settings 'projects.settings'
Starting development server at http://0.0.0.0:8000/
Quit the server with CONTROL-C.
{}
{}
{}
{}
[02/Sep/2014 18:28:05] "GET /meraki_inv/device/119/note/ HTTP/1.1" 500 112038
[02/Sep/2014 18:28:14] "GET /meraki_inv/device/119/note/ HTTP/1.1" 500 112027
[02/Sep/2014 18:28:34] "GET /meraki_inv/device/119/note/ HTTP/1.1" 200 2072
[02/Sep/2014 18:28:34] "GET /static/js/jquery.js HTTP/1.1" 304 0
[02/Sep/2014 18:28:34] "GET /static/css/bootstrap.min.css HTTP/1.1" 304 0
[02/Sep/2014 18:28:34] "GET /static/js/bootstrap.min.js HTTP/1.1" 304 0
[02/Sep/2014 18:28:35] "GET /meraki_inv/device/119/note/ HTTP/1.1" 200 2072
[02/Sep/2014 18:28:35] "GET /static/css/bootstrap.min.css HTTP/1.1" 304 0
[02/Sep/2014 18:28:35] "GET /static/js/jquery.js HTTP/1.1" 304 0
[02/Sep/2014 18:28:35] "GET /static/js/bootstrap.min.js HTTP/1.1" 304 0
Validating models...

0 errors found
September 02, 2014 - 18:28:03
Django version 1.6.5, using settings 'projects.settings'
Starting development server at http://0.0.0.0:8000/
Quit the server with CONTROL-C.
oyg
oyg
Unhandled exception in thread started by <function wrapper at 0x192e758>
Traceback (most recent call last):
  File "/usr/lib/python2.6/site-packages/django/utils/autoreload.py", line 93, in wrapper
    fn(*args, **kwargs)
  File "/usr/lib/python2.6/site-packages/django/core/management/commands/runserver.py", line 127, in inner_run
    ipv6=self.use_ipv6, threading=threading)
  File "/usr/lib/python2.6/site-packages/django/core/servers/basehttp.py", line 169, in run
    httpd.serve_forever()
  File "/usr/lib64/python2.6/SocketServer.py", line 234, in serve_forever
    r, w, e = _eintr_retry(select.select, [self], [], [], poll_interval)
AttributeError: 'NoneType' object has no attribute 'select'
[02/Sep/2014 18:29:27] "GET /meraki_inv/device/119/note/ HTTP/1.1" 500 112602
[02/Sep/2014 18:30:11] "GET /meraki_inv/device/119/note/ HTTP/1.1" 200 2080
[02/Sep/2014 18:30:11] "GET /static/js/jquery.js HTTP/1.1" 304 0
[02/Sep/2014 18:30:11] "GET /static/css/bootstrap.min.css HTTP/1.1" 304 0
[02/Sep/2014 18:30:11] "GET /static/js/bootstrap.min.js HTTP/1.1" 304 0
[02/Sep/2014 18:42:51] "GET /meraki_inv/device/add/ HTTP/1.1" 200 4819
[02/Sep/2014 18:42:51] "GET /meraki_inv/device/ HTTP/1.1" 200 2313
[02/Sep/2014 18:42:53] "GET /meraki_inv/device/2/ HTTP/1.1" 200 4789
[02/Sep/2014 18:42:53] "GET /static/fonts/glyphicons-halflings-regular.woff HTTP/1.1" 304 0
[02/Sep/2014 18:42:57] "GET /meraki_inv/device/2/Note/ HTTP/1.1" 404 3637
[02/Sep/2014 18:43:01] "GET /meraki_inv/device/2/note/ HTTP/1.1" 200 2077
[02/Sep/2014 18:43:03] "GET /meraki_inv/device/2/ HTTP/1.1" 200 4789
Validating models...

0 errors found
September 02, 2014 - 18:29:12
Django version 1.6.5, using settings 'projects.settings'
Starting development server at http://0.0.0.0:8000/
Quit the server with CONTROL-C.
[02/Sep/2014 18:44:17] "GET /meraki_inv/device/2/note/ HTTP/1.1" 200 2077
